2020-07-13 00:04:24 INFO  ForkJoinPool.commonPool-worker-1 org.springframework.boot.SpringApplication Starting application on DESKTOP-3DT9P44 with PID 804 (started by best lu in D:\sources\java\campus_navigation)
2020-07-13 00:04:24 INFO  ForkJoinPool.commonPool-worker-1 org.springframework.boot.SpringApplication No active profile set, falling back to default profiles: default
2020-07-13 00:04:24 INFO  ForkJoinPool.commonPool-worker-1 org.springframework.boot.devtools.env.DevToolsPropertyDefaultsPostProcessor For additional web related logging consider setting the 'logging.level.web' property to 'DEBUG'
2020-07-13 00:04:24 INFO  ForkJoinPool.commonPool-worker-1 org.springframework.data.repository.config.RepositoryConfigurationDelegate Bootstrapping Spring Data JPA repositories in DEFAULT mode.
2020-07-13 00:04:24 INFO  ForkJoinPool.commonPool-worker-1 org.springframework.data.repository.config.RepositoryConfigurationDelegate Finished Spring Data repository scanning in 45ms. Found 4 JPA repository interfaces.
2020-07-13 00:04:24 INFO  ForkJoinPool.commonPool-worker-1 org.springframework.context.support.PostProcessorRegistrationDelegate$BeanPostProcessorChecker Bean 'org.springframework.transaction.annotation.ProxyTransactionManagementConfiguration' of type [org.springframework.transaction.annotation.ProxyTransactionManagementConfiguration] is not eligible for getting processed by all BeanPostProcessors (for example: not eligible for auto-proxying)
2020-07-13 00:04:25 INFO  ForkJoinPool.commonPool-worker-1 org.springframework.boot.web.embedded.tomcat.TomcatWebServer Tomcat initialized with port(s): 8080 (https)
2020-07-13 00:04:25 INFO  ForkJoinPool.commonPool-worker-1 org.apache.coyote.http11.Http11NioProtocol Initializing ProtocolHandler ["https-jsse-nio-8080"]
2020-07-13 00:04:25 INFO  ForkJoinPool.commonPool-worker-1 org.apache.catalina.core.StandardService Starting service [Tomcat]
2020-07-13 00:04:25 INFO  ForkJoinPool.commonPool-worker-1 org.apache.catalina.core.StandardEngine Starting Servlet engine: [Apache Tomcat/9.0.29]
2020-07-13 00:04:25 INFO  ForkJoinPool.commonPool-worker-1 org.apache.catalina.core.ContainerBase.[Tomcat].[localhost].[/] Initializing Spring embedded WebApplicationContext
2020-07-13 00:04:25 INFO  ForkJoinPool.commonPool-worker-1 org.springframework.web.context.ContextLoader Root WebApplicationContext: initialization completed in 820 ms
2020-07-13 00:04:25 INFO  ForkJoinPool.commonPool-worker-1 com.zaxxer.hikari.HikariDataSource HikariPool-1 - Starting...
2020-07-13 00:04:25 INFO  ForkJoinPool.commonPool-worker-1 com.zaxxer.hikari.HikariDataSource HikariPool-1 - Start completed.
2020-07-13 00:04:25 INFO  ForkJoinPool.commonPool-worker-1 org.hibernate.jpa.internal.util.LogHelper HHH000204: Processing PersistenceUnitInfo [name: default]
2020-07-13 00:04:25 INFO  ForkJoinPool.commonPool-worker-1 org.hibernate.Version HHH000412: Hibernate Core {5.4.9.Final}
2020-07-13 00:04:25 INFO  ForkJoinPool.commonPool-worker-1 org.hibernate.annotations.common.Version HCANN000001: Hibernate Commons Annotations {5.1.0.Final}
2020-07-13 00:04:25 INFO  ForkJoinPool.commonPool-worker-1 org.hibernate.dialect.Dialect HHH000400: Using dialect: org.hibernate.dialect.MySQL5Dialect
2020-07-13 00:04:26 INFO  ForkJoinPool.commonPool-worker-1 org.hibernate.engine.transaction.jta.platform.internal.JtaPlatformInitiator HHH000490: Using JtaPlatform implementation: [org.hibernate.engine.transaction.jta.platform.internal.NoJtaPlatform]
2020-07-13 00:04:26 INFO  ForkJoinPool.commonPool-worker-1 org.springframework.orm.jpa.LocalContainerEntityManagerFactoryBean Initialized JPA EntityManagerFactory for persistence unit 'default'
2020-07-13 00:04:26 INFO  ForkJoinPool.commonPool-worker-1 org.springframework.scheduling.concurrent.ThreadPoolTaskExecutor Initializing ExecutorService 'applicationTaskExecutor'
2020-07-13 00:04:26 INFO  ForkJoinPool.commonPool-worker-1 org.apache.coyote.http11.Http11NioProtocol Starting ProtocolHandler ["https-jsse-nio-8080"]
2020-07-13 00:04:27 INFO  ForkJoinPool.commonPool-worker-1 org.springframework.boot.web.embedded.tomcat.TomcatWebServer Tomcat started on port(s): 8080 (https) with context path ''
2020-07-13 00:04:27 INFO  ForkJoinPool.commonPool-worker-1 org.springframework.boot.SpringApplication Started application in 3.376 seconds (JVM running for 4.554)
2020-07-13 00:05:10 INFO  JavaFX Application Thread org.springframework.scheduling.concurrent.ThreadPoolTaskExecutor Shutting down ExecutorService 'applicationTaskExecutor'
2020-07-13 00:05:10 INFO  JavaFX Application Thread org.springframework.orm.jpa.LocalContainerEntityManagerFactoryBean Closing JPA EntityManagerFactory for persistence unit 'default'
2020-07-13 00:05:10 INFO  JavaFX Application Thread com.zaxxer.hikari.HikariDataSource HikariPool-1 - Shutdown initiated...
2020-07-13 00:05:10 INFO  JavaFX Application Thread com.zaxxer.hikari.HikariDataSource HikariPool-1 - Shutdown completed.
2020-07-13 09:15:12 INFO  ForkJoinPool.commonPool-worker-1 org.springframework.boot.SpringApplication Starting application on DESKTOP-3DT9P44 with PID 12784 (started by best lu in D:\sources\java\campus_navigation)
2020-07-13 09:15:12 INFO  ForkJoinPool.commonPool-worker-1 org.springframework.boot.SpringApplication No active profile set, falling back to default profiles: default
2020-07-13 09:15:12 INFO  ForkJoinPool.commonPool-worker-1 org.springframework.boot.devtools.env.DevToolsPropertyDefaultsPostProcessor For additional web related logging consider setting the 'logging.level.web' property to 'DEBUG'
2020-07-13 09:15:12 INFO  ForkJoinPool.commonPool-worker-1 org.springframework.data.repository.config.RepositoryConfigurationDelegate Bootstrapping Spring Data JPA repositories in DEFAULT mode.
2020-07-13 09:15:12 INFO  ForkJoinPool.commonPool-worker-1 org.springframework.data.repository.config.RepositoryConfigurationDelegate Finished Spring Data repository scanning in 51ms. Found 4 JPA repository interfaces.
2020-07-13 09:15:13 INFO  ForkJoinPool.commonPool-worker-1 org.springframework.context.support.PostProcessorRegistrationDelegate$BeanPostProcessorChecker Bean 'org.springframework.transaction.annotation.ProxyTransactionManagementConfiguration' of type [org.springframework.transaction.annotation.ProxyTransactionManagementConfiguration] is not eligible for getting processed by all BeanPostProcessors (for example: not eligible for auto-proxying)
2020-07-13 09:15:13 INFO  ForkJoinPool.commonPool-worker-1 org.springframework.boot.web.embedded.tomcat.TomcatWebServer Tomcat initialized with port(s): 8080 (https)
2020-07-13 09:15:13 INFO  ForkJoinPool.commonPool-worker-1 org.apache.coyote.http11.Http11NioProtocol Initializing ProtocolHandler ["https-jsse-nio-8080"]
2020-07-13 09:15:13 INFO  ForkJoinPool.commonPool-worker-1 org.apache.catalina.core.StandardService Starting service [Tomcat]
2020-07-13 09:15:13 INFO  ForkJoinPool.commonPool-worker-1 org.apache.catalina.core.StandardEngine Starting Servlet engine: [Apache Tomcat/9.0.29]
2020-07-13 09:15:13 INFO  ForkJoinPool.commonPool-worker-1 org.apache.catalina.core.ContainerBase.[Tomcat].[localhost].[/] Initializing Spring embedded WebApplicationContext
2020-07-13 09:15:13 INFO  ForkJoinPool.commonPool-worker-1 org.springframework.web.context.ContextLoader Root WebApplicationContext: initialization completed in 1103 ms
2020-07-13 09:15:13 INFO  ForkJoinPool.commonPool-worker-1 com.zaxxer.hikari.HikariDataSource HikariPool-1 - Starting...
2020-07-13 09:15:13 INFO  ForkJoinPool.commonPool-worker-1 com.zaxxer.hikari.HikariDataSource HikariPool-1 - Start completed.
2020-07-13 09:15:13 INFO  ForkJoinPool.commonPool-worker-1 org.hibernate.jpa.internal.util.LogHelper HHH000204: Processing PersistenceUnitInfo [name: default]
2020-07-13 09:15:13 INFO  ForkJoinPool.commonPool-worker-1 org.hibernate.Version HHH000412: Hibernate Core {5.4.9.Final}
2020-07-13 09:15:14 INFO  ForkJoinPool.commonPool-worker-1 org.hibernate.annotations.common.Version HCANN000001: Hibernate Commons Annotations {5.1.0.Final}
2020-07-13 09:15:14 INFO  ForkJoinPool.commonPool-worker-1 org.hibernate.dialect.Dialect HHH000400: Using dialect: org.hibernate.dialect.MySQL5Dialect
2020-07-13 09:15:14 INFO  ForkJoinPool.commonPool-worker-1 org.hibernate.engine.transaction.jta.platform.internal.JtaPlatformInitiator HHH000490: Using JtaPlatform implementation: [org.hibernate.engine.transaction.jta.platform.internal.NoJtaPlatform]
2020-07-13 09:15:14 INFO  ForkJoinPool.commonPool-worker-1 org.springframework.orm.jpa.LocalContainerEntityManagerFactoryBean Initialized JPA EntityManagerFactory for persistence unit 'default'
2020-07-13 09:15:15 INFO  ForkJoinPool.commonPool-worker-1 org.springframework.scheduling.concurrent.ThreadPoolTaskExecutor Initializing ExecutorService 'applicationTaskExecutor'
2020-07-13 09:15:15 INFO  ForkJoinPool.commonPool-worker-1 org.apache.coyote.http11.Http11NioProtocol Starting ProtocolHandler ["https-jsse-nio-8080"]
2020-07-13 09:15:15 INFO  ForkJoinPool.commonPool-worker-1 org.springframework.boot.web.embedded.tomcat.TomcatWebServer Tomcat started on port(s): 8080 (https) with context path ''
2020-07-13 09:15:15 INFO  ForkJoinPool.commonPool-worker-1 org.springframework.boot.SpringApplication Started application in 4.003 seconds (JVM running for 5.672)
2020-07-13 09:16:04 INFO  JavaFX Application Thread org.springframework.scheduling.concurrent.ThreadPoolTaskExecutor Shutting down ExecutorService 'applicationTaskExecutor'
2020-07-13 09:16:04 INFO  JavaFX Application Thread org.springframework.orm.jpa.LocalContainerEntityManagerFactoryBean Closing JPA EntityManagerFactory for persistence unit 'default'
2020-07-13 09:16:04 INFO  JavaFX Application Thread com.zaxxer.hikari.HikariDataSource HikariPool-1 - Shutdown initiated...
2020-07-13 09:16:04 INFO  JavaFX Application Thread com.zaxxer.hikari.HikariDataSource HikariPool-1 - Shutdown completed.
2020-07-13 09:28:52 INFO  main com.scaudachuang.campus_navigation.CampusNavigationApplicationTests Starting CampusNavigationApplicationTests on DESKTOP-3DT9P44 with PID 4796 (started by best lu in D:\sources\java\campus_navigation)
2020-07-13 09:28:52 INFO  main com.scaudachuang.campus_navigation.CampusNavigationApplicationTests No active profile set, falling back to default profiles: default
2020-07-13 09:28:53 INFO  main org.springframework.data.repository.config.RepositoryConfigurationDelegate Bootstrapping Spring Data JPA repositories in DEFAULT mode.
2020-07-13 09:28:53 INFO  main org.springframework.data.repository.config.RepositoryConfigurationDelegate Finished Spring Data repository scanning in 67ms. Found 4 JPA repository interfaces.
2020-07-13 09:28:53 INFO  main org.springframework.context.support.PostProcessorRegistrationDelegate$BeanPostProcessorChecker Bean 'org.springframework.transaction.annotation.ProxyTransactionManagementConfiguration' of type [org.springframework.transaction.annotation.ProxyTransactionManagementConfiguration] is not eligible for getting processed by all BeanPostProcessors (for example: not eligible for auto-proxying)
2020-07-13 09:28:53 INFO  main com.zaxxer.hikari.HikariDataSource HikariPool-1 - Starting...
2020-07-13 09:28:54 INFO  main com.zaxxer.hikari.HikariDataSource HikariPool-1 - Start completed.
2020-07-13 09:28:54 INFO  main org.hibernate.jpa.internal.util.LogHelper HHH000204: Processing PersistenceUnitInfo [name: default]
2020-07-13 09:28:54 INFO  main org.hibernate.Version HHH000412: Hibernate Core {5.4.9.Final}
2020-07-13 09:28:54 INFO  main org.hibernate.annotations.common.Version HCANN000001: Hibernate Commons Annotations {5.1.0.Final}
2020-07-13 09:28:54 INFO  main org.hibernate.dialect.Dialect HHH000400: Using dialect: org.hibernate.dialect.MySQL5Dialect
2020-07-13 09:28:55 INFO  main org.hibernate.engine.transaction.jta.platform.internal.JtaPlatformInitiator HHH000490: Using JtaPlatform implementation: [org.hibernate.engine.transaction.jta.platform.internal.NoJtaPlatform]
2020-07-13 09:28:55 INFO  main org.springframework.orm.jpa.LocalContainerEntityManagerFactoryBean Initialized JPA EntityManagerFactory for persistence unit 'default'
2020-07-13 09:28:56 INFO  main org.springframework.scheduling.concurrent.ThreadPoolTaskExecutor Initializing ExecutorService 'applicationTaskExecutor'
2020-07-13 09:28:56 INFO  main com.scaudachuang.campus_navigation.CampusNavigationApplicationTests Started CampusNavigationApplicationTests in 4.603 seconds (JVM running for 5.698)
2020-07-13 09:28:57 INFO  SpringContextShutdownHook org.springframework.scheduling.concurrent.ThreadPoolTaskExecutor Shutting down ExecutorService 'applicationTaskExecutor'
2020-07-13 09:28:57 INFO  SpringContextShutdownHook org.springframework.orm.jpa.LocalContainerEntityManagerFactoryBean Closing JPA EntityManagerFactory for persistence unit 'default'
2020-07-13 09:28:57 INFO  SpringContextShutdownHook com.zaxxer.hikari.HikariDataSource HikariPool-1 - Shutdown initiated...
2020-07-13 09:28:57 INFO  SpringContextShutdownHook com.zaxxer.hikari.HikariDataSource HikariPool-1 - Shutdown completed.
2020-07-13 09:34:40 INFO  ForkJoinPool.commonPool-worker-1 org.springframework.boot.SpringApplication Starting application on DESKTOP-3DT9P44 with PID 6032 (started by best lu in D:\sources\java\campus_navigation)
2020-07-13 09:34:40 INFO  ForkJoinPool.commonPool-worker-1 org.springframework.boot.SpringApplication No active profile set, falling back to default profiles: default
2020-07-13 09:34:40 INFO  ForkJoinPool.commonPool-worker-1 org.springframework.boot.devtools.env.DevToolsPropertyDefaultsPostProcessor For additional web related logging consider setting the 'logging.level.web' property to 'DEBUG'
2020-07-13 09:34:40 INFO  ForkJoinPool.commonPool-worker-1 org.springframework.data.repository.config.RepositoryConfigurationDelegate Bootstrapping Spring Data JPA repositories in DEFAULT mode.
2020-07-13 09:34:40 INFO  ForkJoinPool.commonPool-worker-1 org.springframework.data.repository.config.RepositoryConfigurationDelegate Finished Spring Data repository scanning in 138ms. Found 4 JPA repository interfaces.
2020-07-13 09:34:40 INFO  ForkJoinPool.commonPool-worker-1 org.springframework.context.support.PostProcessorRegistrationDelegate$BeanPostProcessorChecker Bean 'org.springframework.transaction.annotation.ProxyTransactionManagementConfiguration' of type [org.springframework.transaction.annotation.ProxyTransactionManagementConfiguration] is not eligible for getting processed by all BeanPostProcessors (for example: not eligible for auto-proxying)
2020-07-13 09:34:41 INFO  ForkJoinPool.commonPool-worker-1 org.springframework.boot.web.embedded.tomcat.TomcatWebServer Tomcat initialized with port(s): 8080 (https)
2020-07-13 09:34:41 INFO  ForkJoinPool.commonPool-worker-1 org.apache.coyote.http11.Http11NioProtocol Initializing ProtocolHandler ["https-jsse-nio-8080"]
2020-07-13 09:34:41 INFO  ForkJoinPool.commonPool-worker-1 org.apache.catalina.core.StandardService Starting service [Tomcat]
2020-07-13 09:34:41 INFO  ForkJoinPool.commonPool-worker-1 org.apache.catalina.core.StandardEngine Starting Servlet engine: [Apache Tomcat/9.0.29]
2020-07-13 09:34:41 INFO  ForkJoinPool.commonPool-worker-1 org.apache.catalina.core.ContainerBase.[Tomcat].[localhost].[/] Initializing Spring embedded WebApplicationContext
2020-07-13 09:34:41 INFO  ForkJoinPool.commonPool-worker-1 org.springframework.web.context.ContextLoader Root WebApplicationContext: initialization completed in 952 ms
2020-07-13 09:34:41 INFO  ForkJoinPool.commonPool-worker-1 com.zaxxer.hikari.HikariDataSource HikariPool-1 - Starting...
2020-07-13 09:34:41 INFO  ForkJoinPool.commonPool-worker-1 com.zaxxer.hikari.HikariDataSource HikariPool-1 - Start completed.
2020-07-13 09:34:41 INFO  ForkJoinPool.commonPool-worker-1 org.hibernate.jpa.internal.util.LogHelper HHH000204: Processing PersistenceUnitInfo [name: default]
2020-07-13 09:34:41 INFO  ForkJoinPool.commonPool-worker-1 org.hibernate.Version HHH000412: Hibernate Core {5.4.9.Final}
2020-07-13 09:34:41 INFO  ForkJoinPool.commonPool-worker-1 org.hibernate.annotations.common.Version HCANN000001: Hibernate Commons Annotations {5.1.0.Final}
2020-07-13 09:34:41 INFO  ForkJoinPool.commonPool-worker-1 org.hibernate.dialect.Dialect HHH000400: Using dialect: org.hibernate.dialect.MySQL5Dialect
2020-07-13 09:34:42 INFO  ForkJoinPool.commonPool-worker-1 org.hibernate.engine.transaction.jta.platform.internal.JtaPlatformInitiator HHH000490: Using JtaPlatform implementation: [org.hibernate.engine.transaction.jta.platform.internal.NoJtaPlatform]
2020-07-13 09:34:42 INFO  ForkJoinPool.commonPool-worker-1 org.springframework.orm.jpa.LocalContainerEntityManagerFactoryBean Initialized JPA EntityManagerFactory for persistence unit 'default'
2020-07-13 09:34:42 INFO  ForkJoinPool.commonPool-worker-1 org.springframework.scheduling.concurrent.ThreadPoolTaskExecutor Initializing ExecutorService 'applicationTaskExecutor'
2020-07-13 09:34:42 INFO  ForkJoinPool.commonPool-worker-1 org.apache.coyote.http11.Http11NioProtocol Starting ProtocolHandler ["https-jsse-nio-8080"]
2020-07-13 09:34:43 INFO  ForkJoinPool.commonPool-worker-1 org.springframework.boot.web.embedded.tomcat.TomcatWebServer Tomcat started on port(s): 8080 (https) with context path ''
2020-07-13 09:34:43 INFO  ForkJoinPool.commonPool-worker-1 org.springframework.boot.SpringApplication Started application in 3.552 seconds (JVM running for 4.725)
2020-07-13 09:38:30 INFO  ForkJoinPool.commonPool-worker-1 org.springframework.boot.SpringApplication Starting application on DESKTOP-3DT9P44 with PID 10948 (started by best lu in D:\sources\java\campus_navigation)
2020-07-13 09:38:30 INFO  ForkJoinPool.commonPool-worker-1 org.springframework.boot.SpringApplication No active profile set, falling back to default profiles: default
2020-07-13 09:38:30 INFO  ForkJoinPool.commonPool-worker-1 org.springframework.boot.devtools.env.DevToolsPropertyDefaultsPostProcessor For additional web related logging consider setting the 'logging.level.web' property to 'DEBUG'
2020-07-13 09:38:30 INFO  ForkJoinPool.commonPool-worker-1 org.springframework.data.repository.config.RepositoryConfigurationDelegate Bootstrapping Spring Data JPA repositories in DEFAULT mode.
2020-07-13 09:38:31 INFO  ForkJoinPool.commonPool-worker-1 org.springframework.data.repository.config.RepositoryConfigurationDelegate Finished Spring Data repository scanning in 50ms. Found 4 JPA repository interfaces.
2020-07-13 09:38:31 INFO  ForkJoinPool.commonPool-worker-1 org.springframework.context.support.PostProcessorRegistrationDelegate$BeanPostProcessorChecker Bean 'org.springframework.transaction.annotation.ProxyTransactionManagementConfiguration' of type [org.springframework.transaction.annotation.ProxyTransactionManagementConfiguration] is not eligible for getting processed by all BeanPostProcessors (for example: not eligible for auto-proxying)
2020-07-13 09:38:31 INFO  ForkJoinPool.commonPool-worker-1 org.springframework.boot.web.embedded.tomcat.TomcatWebServer Tomcat initialized with port(s): 8080 (https)
2020-07-13 09:38:31 INFO  ForkJoinPool.commonPool-worker-1 org.apache.coyote.http11.Http11NioProtocol Initializing ProtocolHandler ["https-jsse-nio-8080"]
2020-07-13 09:38:31 INFO  ForkJoinPool.commonPool-worker-1 org.apache.catalina.core.StandardService Starting service [Tomcat]
2020-07-13 09:38:31 INFO  ForkJoinPool.commonPool-worker-1 org.apache.catalina.core.StandardEngine Starting Servlet engine: [Apache Tomcat/9.0.29]
2020-07-13 09:38:31 INFO  ForkJoinPool.commonPool-worker-1 org.apache.catalina.core.ContainerBase.[Tomcat].[localhost].[/] Initializing Spring embedded WebApplicationContext
2020-07-13 09:38:31 INFO  ForkJoinPool.commonPool-worker-1 org.springframework.web.context.ContextLoader Root WebApplicationContext: initialization completed in 918 ms
2020-07-13 09:38:31 INFO  ForkJoinPool.commonPool-worker-1 com.zaxxer.hikari.HikariDataSource HikariPool-1 - Starting...
2020-07-13 09:38:31 INFO  ForkJoinPool.commonPool-worker-1 com.zaxxer.hikari.HikariDataSource HikariPool-1 - Start completed.
2020-07-13 09:38:31 INFO  ForkJoinPool.commonPool-worker-1 org.hibernate.jpa.internal.util.LogHelper HHH000204: Processing PersistenceUnitInfo [name: default]
2020-07-13 09:38:31 INFO  ForkJoinPool.commonPool-worker-1 org.hibernate.Version HHH000412: Hibernate Core {5.4.9.Final}
2020-07-13 09:38:31 INFO  ForkJoinPool.commonPool-worker-1 org.hibernate.annotations.common.Version HCANN000001: Hibernate Commons Annotations {5.1.0.Final}
2020-07-13 09:38:32 INFO  ForkJoinPool.commonPool-worker-1 org.hibernate.dialect.Dialect HHH000400: Using dialect: org.hibernate.dialect.MySQL5Dialect
2020-07-13 09:38:32 INFO  ForkJoinPool.commonPool-worker-1 org.hibernate.engine.transaction.jta.platform.internal.JtaPlatformInitiator HHH000490: Using JtaPlatform implementation: [org.hibernate.engine.transaction.jta.platform.internal.NoJtaPlatform]
2020-07-13 09:38:32 INFO  ForkJoinPool.commonPool-worker-1 org.springframework.orm.jpa.LocalContainerEntityManagerFactoryBean Initialized JPA EntityManagerFactory for persistence unit 'default'
2020-07-13 09:38:32 INFO  ForkJoinPool.commonPool-worker-1 org.springframework.scheduling.concurrent.ThreadPoolTaskExecutor Initializing ExecutorService 'applicationTaskExecutor'
2020-07-13 09:38:32 INFO  ForkJoinPool.commonPool-worker-1 org.apache.coyote.http11.Http11NioProtocol Starting ProtocolHandler ["https-jsse-nio-8080"]
2020-07-13 09:38:33 INFO  ForkJoinPool.commonPool-worker-1 org.springframework.boot.web.embedded.tomcat.TomcatWebServer Tomcat started on port(s): 8080 (https) with context path ''
2020-07-13 09:38:33 INFO  ForkJoinPool.commonPool-worker-1 org.springframework.boot.SpringApplication Started application in 3.499 seconds (JVM running for 4.659)
2020-07-13 09:40:03 INFO  ForkJoinPool.commonPool-worker-1 org.springframework.boot.SpringApplication Starting application on DESKTOP-3DT9P44 with PID 12984 (started by best lu in D:\sources\java\campus_navigation)
2020-07-13 09:40:03 INFO  ForkJoinPool.commonPool-worker-1 org.springframework.boot.SpringApplication No active profile set, falling back to default profiles: default
2020-07-13 09:40:03 INFO  ForkJoinPool.commonPool-worker-1 org.springframework.boot.devtools.env.DevToolsPropertyDefaultsPostProcessor For additional web related logging consider setting the 'logging.level.web' property to 'DEBUG'
2020-07-13 09:40:03 INFO  ForkJoinPool.commonPool-worker-1 org.springframework.data.repository.config.RepositoryConfigurationDelegate Bootstrapping Spring Data JPA repositories in DEFAULT mode.
2020-07-13 09:40:03 INFO  ForkJoinPool.commonPool-worker-1 org.springframework.data.repository.config.RepositoryConfigurationDelegate Finished Spring Data repository scanning in 46ms. Found 4 JPA repository interfaces.
2020-07-13 09:40:03 INFO  ForkJoinPool.commonPool-worker-1 org.springframework.context.support.PostProcessorRegistrationDelegate$BeanPostProcessorChecker Bean 'org.springframework.transaction.annotation.ProxyTransactionManagementConfiguration' of type [org.springframework.transaction.annotation.ProxyTransactionManagementConfiguration] is not eligible for getting processed by all BeanPostProcessors (for example: not eligible for auto-proxying)
2020-07-13 09:40:04 INFO  ForkJoinPool.commonPool-worker-1 org.springframework.boot.web.embedded.tomcat.TomcatWebServer Tomcat initialized with port(s): 8080 (https)
2020-07-13 09:40:04 INFO  ForkJoinPool.commonPool-worker-1 org.apache.coyote.http11.Http11NioProtocol Initializing ProtocolHandler ["https-jsse-nio-8080"]
2020-07-13 09:40:04 INFO  ForkJoinPool.commonPool-worker-1 org.apache.catalina.core.StandardService Starting service [Tomcat]
2020-07-13 09:40:04 INFO  ForkJoinPool.commonPool-worker-1 org.apache.catalina.core.StandardEngine Starting Servlet engine: [Apache Tomcat/9.0.29]
2020-07-13 09:40:04 INFO  ForkJoinPool.commonPool-worker-1 org.apache.catalina.core.ContainerBase.[Tomcat].[localhost].[/] Initializing Spring embedded WebApplicationContext
2020-07-13 09:40:04 INFO  ForkJoinPool.commonPool-worker-1 org.springframework.web.context.ContextLoader Root WebApplicationContext: initialization completed in 818 ms
2020-07-13 09:40:04 INFO  ForkJoinPool.commonPool-worker-1 com.zaxxer.hikari.HikariDataSource HikariPool-1 - Starting...
2020-07-13 09:40:04 INFO  ForkJoinPool.commonPool-worker-1 com.zaxxer.hikari.HikariDataSource HikariPool-1 - Start completed.
2020-07-13 09:40:04 INFO  ForkJoinPool.commonPool-worker-1 org.hibernate.jpa.internal.util.LogHelper HHH000204: Processing PersistenceUnitInfo [name: default]
2020-07-13 09:40:04 INFO  ForkJoinPool.commonPool-worker-1 org.hibernate.Version HHH000412: Hibernate Core {5.4.9.Final}
2020-07-13 09:40:04 INFO  ForkJoinPool.commonPool-worker-1 org.hibernate.annotations.common.Version HCANN000001: Hibernate Commons Annotations {5.1.0.Final}
2020-07-13 09:40:04 INFO  ForkJoinPool.commonPool-worker-1 org.hibernate.dialect.Dialect HHH000400: Using dialect: org.hibernate.dialect.MySQL5Dialect
2020-07-13 09:40:05 INFO  ForkJoinPool.commonPool-worker-1 org.hibernate.engine.transaction.jta.platform.internal.JtaPlatformInitiator HHH000490: Using JtaPlatform implementation: [org.hibernate.engine.transaction.jta.platform.internal.NoJtaPlatform]
2020-07-13 09:40:05 INFO  ForkJoinPool.commonPool-worker-1 org.springframework.orm.jpa.LocalContainerEntityManagerFactoryBean Initialized JPA EntityManagerFactory for persistence unit 'default'
2020-07-13 09:40:05 INFO  ForkJoinPool.commonPool-worker-1 org.springframework.scheduling.concurrent.ThreadPoolTaskExecutor Initializing ExecutorService 'applicationTaskExecutor'
2020-07-13 09:40:05 INFO  ForkJoinPool.commonPool-worker-1 org.apache.coyote.http11.Http11NioProtocol Starting ProtocolHandler ["https-jsse-nio-8080"]
2020-07-13 09:40:06 INFO  ForkJoinPool.commonPool-worker-1 org.springframework.boot.web.embedded.tomcat.TomcatWebServer Tomcat started on port(s): 8080 (https) with context path ''
2020-07-13 09:40:06 INFO  ForkJoinPool.commonPool-worker-1 org.springframework.boot.SpringApplication Started application in 3.449 seconds (JVM running for 4.643)
2020-07-13 09:40:18 INFO  JavaFX Application Thread org.springframework.scheduling.concurrent.ThreadPoolTaskExecutor Shutting down ExecutorService 'applicationTaskExecutor'
2020-07-13 09:40:18 INFO  JavaFX Application Thread org.springframework.orm.jpa.LocalContainerEntityManagerFactoryBean Closing JPA EntityManagerFactory for persistence unit 'default'
2020-07-13 09:40:18 INFO  JavaFX Application Thread com.zaxxer.hikari.HikariDataSource HikariPool-1 - Shutdown initiated...
2020-07-13 09:40:18 INFO  JavaFX Application Thread com.zaxxer.hikari.HikariDataSource HikariPool-1 - Shutdown completed.
2020-07-13 10:51:25 INFO  ForkJoinPool.commonPool-worker-1 org.springframework.boot.SpringApplication Starting application on DESKTOP-3DT9P44 with PID 4004 (started by best lu in D:\sources\java\campus_navigation)
2020-07-13 10:51:25 INFO  ForkJoinPool.commonPool-worker-1 org.springframework.boot.SpringApplication No active profile set, falling back to default profiles: default
2020-07-13 10:51:26 INFO  ForkJoinPool.commonPool-worker-1 org.springframework.boot.devtools.env.DevToolsPropertyDefaultsPostProcessor For additional web related logging consider setting the 'logging.level.web' property to 'DEBUG'
2020-07-13 10:51:26 INFO  ForkJoinPool.commonPool-worker-1 org.springframework.data.repository.config.RepositoryConfigurationDelegate Bootstrapping Spring Data JPA repositories in DEFAULT mode.
2020-07-13 10:51:26 INFO  ForkJoinPool.commonPool-worker-1 org.springframework.data.repository.config.RepositoryConfigurationDelegate Finished Spring Data repository scanning in 52ms. Found 4 JPA repository interfaces.
2020-07-13 10:51:26 INFO  ForkJoinPool.commonPool-worker-1 org.springframework.context.support.PostProcessorRegistrationDelegate$BeanPostProcessorChecker Bean 'org.springframework.transaction.annotation.ProxyTransactionManagementConfiguration' of type [org.springframework.transaction.annotation.ProxyTransactionManagementConfiguration] is not eligible for getting processed by all BeanPostProcessors (for example: not eligible for auto-proxying)
2020-07-13 10:51:27 INFO  ForkJoinPool.commonPool-worker-1 org.springframework.boot.web.embedded.tomcat.TomcatWebServer Tomcat initialized with port(s): 8080 (https)
2020-07-13 10:51:27 INFO  ForkJoinPool.commonPool-worker-1 org.apache.coyote.http11.Http11NioProtocol Initializing ProtocolHandler ["https-jsse-nio-8080"]
2020-07-13 10:51:27 INFO  ForkJoinPool.commonPool-worker-1 org.apache.catalina.core.StandardService Starting service [Tomcat]
2020-07-13 10:51:27 INFO  ForkJoinPool.commonPool-worker-1 org.apache.catalina.core.StandardEngine Starting Servlet engine: [Apache Tomcat/9.0.29]
2020-07-13 10:51:27 INFO  ForkJoinPool.commonPool-worker-1 org.apache.catalina.core.ContainerBase.[Tomcat].[localhost].[/] Initializing Spring embedded WebApplicationContext
2020-07-13 10:51:27 INFO  ForkJoinPool.commonPool-worker-1 org.springframework.web.context.ContextLoader Root WebApplicationContext: initialization completed in 1109 ms
2020-07-13 10:51:27 INFO  ForkJoinPool.commonPool-worker-1 com.zaxxer.hikari.HikariDataSource HikariPool-1 - Starting...
2020-07-13 10:51:27 INFO  ForkJoinPool.commonPool-worker-1 com.zaxxer.hikari.HikariDataSource HikariPool-1 - Start completed.
2020-07-13 10:51:27 INFO  ForkJoinPool.commonPool-worker-1 org.hibernate.jpa.internal.util.LogHelper HHH000204: Processing PersistenceUnitInfo [name: default]
2020-07-13 10:51:27 INFO  ForkJoinPool.commonPool-worker-1 org.hibernate.Version HHH000412: Hibernate Core {5.4.9.Final}
2020-07-13 10:51:27 INFO  ForkJoinPool.commonPool-worker-1 org.hibernate.annotations.common.Version HCANN000001: Hibernate Commons Annotations {5.1.0.Final}
2020-07-13 10:51:27 INFO  ForkJoinPool.commonPool-worker-1 org.hibernate.dialect.Dialect HHH000400: Using dialect: org.hibernate.dialect.MySQL5Dialect
2020-07-13 10:51:28 INFO  ForkJoinPool.commonPool-worker-1 org.hibernate.engine.transaction.jta.platform.internal.JtaPlatformInitiator HHH000490: Using JtaPlatform implementation: [org.hibernate.engine.transaction.jta.platform.internal.NoJtaPlatform]
2020-07-13 10:51:28 INFO  ForkJoinPool.commonPool-worker-1 org.springframework.orm.jpa.LocalContainerEntityManagerFactoryBean Initialized JPA EntityManagerFactory for persistence unit 'default'
2020-07-13 10:51:28 INFO  ForkJoinPool.commonPool-worker-1 org.springframework.scheduling.concurrent.ThreadPoolTaskExecutor Initializing ExecutorService 'applicationTaskExecutor'
2020-07-13 10:51:28 INFO  ForkJoinPool.commonPool-worker-1 org.apache.coyote.http11.Http11NioProtocol Starting ProtocolHandler ["https-jsse-nio-8080"]
2020-07-13 10:51:29 INFO  ForkJoinPool.commonPool-worker-1 org.springframework.boot.web.embedded.tomcat.TomcatWebServer Tomcat started on port(s): 8080 (https) with context path ''
2020-07-13 10:51:29 INFO  ForkJoinPool.commonPool-worker-1 org.springframework.boot.SpringApplication Started application in 4.116 seconds (JVM running for 5.766)
2020-07-13 10:51:49 INFO  JavaFX Application Thread org.springframework.scheduling.concurrent.ThreadPoolTaskExecutor Shutting down ExecutorService 'applicationTaskExecutor'
2020-07-13 10:51:49 INFO  JavaFX Application Thread org.springframework.orm.jpa.LocalContainerEntityManagerFactoryBean Closing JPA EntityManagerFactory for persistence unit 'default'
2020-07-13 10:51:49 INFO  JavaFX Application Thread com.zaxxer.hikari.HikariDataSource HikariPool-1 - Shutdown initiated...
2020-07-13 10:51:49 INFO  JavaFX Application Thread com.zaxxer.hikari.HikariDataSource HikariPool-1 - Shutdown completed.
2020-07-13 10:53:49 INFO  ForkJoinPool.commonPool-worker-1 org.springframework.boot.SpringApplication Starting application on DESKTOP-3DT9P44 with PID 5032 (started by best lu in D:\sources\java\campus_navigation)
2020-07-13 10:53:49 INFO  ForkJoinPool.commonPool-worker-1 org.springframework.boot.SpringApplication No active profile set, falling back to default profiles: default
2020-07-13 10:53:49 INFO  ForkJoinPool.commonPool-worker-1 org.springframework.boot.devtools.env.DevToolsPropertyDefaultsPostProcessor For additional web related logging consider setting the 'logging.level.web' property to 'DEBUG'
2020-07-13 10:53:50 INFO  ForkJoinPool.commonPool-worker-1 org.springframework.data.repository.config.RepositoryConfigurationDelegate Bootstrapping Spring Data JPA repositories in DEFAULT mode.
2020-07-13 10:53:50 INFO  ForkJoinPool.commonPool-worker-1 org.springframework.data.repository.config.RepositoryConfigurationDelegate Finished Spring Data repository scanning in 45ms. Found 4 JPA repository interfaces.
2020-07-13 10:53:50 INFO  ForkJoinPool.commonPool-worker-1 org.springframework.context.support.PostProcessorRegistrationDelegate$BeanPostProcessorChecker Bean 'org.springframework.transaction.annotation.ProxyTransactionManagementConfiguration' of type [org.springframework.transaction.annotation.ProxyTransactionManagementConfiguration] is not eligible for getting processed by all BeanPostProcessors (for example: not eligible for auto-proxying)
2020-07-13 10:53:50 INFO  ForkJoinPool.commonPool-worker-1 org.springframework.boot.web.embedded.tomcat.TomcatWebServer Tomcat initialized with port(s): 8080 (https)
2020-07-13 10:53:50 INFO  ForkJoinPool.commonPool-worker-1 org.apache.coyote.http11.Http11NioProtocol Initializing ProtocolHandler ["https-jsse-nio-8080"]
2020-07-13 10:53:50 INFO  ForkJoinPool.commonPool-worker-1 org.apache.catalina.core.StandardService Starting service [Tomcat]
2020-07-13 10:53:50 INFO  ForkJoinPool.commonPool-worker-1 org.apache.catalina.core.StandardEngine Starting Servlet engine: [Apache Tomcat/9.0.29]
2020-07-13 10:53:50 INFO  ForkJoinPool.commonPool-worker-1 org.apache.catalina.core.ContainerBase.[Tomcat].[localhost].[/] Initializing Spring embedded WebApplicationContext
2020-07-13 10:53:50 INFO  ForkJoinPool.commonPool-worker-1 org.springframework.web.context.ContextLoader Root WebApplicationContext: initialization completed in 837 ms
2020-07-13 10:53:50 INFO  ForkJoinPool.commonPool-worker-1 com.zaxxer.hikari.HikariDataSource HikariPool-1 - Starting...
2020-07-13 10:53:50 INFO  ForkJoinPool.commonPool-worker-1 com.zaxxer.hikari.HikariDataSource HikariPool-1 - Start completed.
2020-07-13 10:53:51 INFO  ForkJoinPool.commonPool-worker-1 org.hibernate.jpa.internal.util.LogHelper HHH000204: Processing PersistenceUnitInfo [name: default]
2020-07-13 10:53:51 INFO  ForkJoinPool.commonPool-worker-1 org.hibernate.Version HHH000412: Hibernate Core {5.4.9.Final}
2020-07-13 10:53:51 INFO  ForkJoinPool.commonPool-worker-1 org.hibernate.annotations.common.Version HCANN000001: Hibernate Commons Annotations {5.1.0.Final}
2020-07-13 10:53:51 INFO  ForkJoinPool.commonPool-worker-1 org.hibernate.dialect.Dialect HHH000400: Using dialect: org.hibernate.dialect.MySQL5Dialect
2020-07-13 10:53:51 INFO  ForkJoinPool.commonPool-worker-1 org.hibernate.engine.transaction.jta.platform.internal.JtaPlatformInitiator HHH000490: Using JtaPlatform implementation: [org.hibernate.engine.transaction.jta.platform.internal.NoJtaPlatform]
2020-07-13 10:53:51 INFO  ForkJoinPool.commonPool-worker-1 org.springframework.orm.jpa.LocalContainerEntityManagerFactoryBean Initialized JPA EntityManagerFactory for persistence unit 'default'
2020-07-13 10:53:52 INFO  ForkJoinPool.commonPool-worker-1 org.springframework.scheduling.concurrent.ThreadPoolTaskExecutor Initializing ExecutorService 'applicationTaskExecutor'
2020-07-13 10:53:52 INFO  ForkJoinPool.commonPool-worker-1 org.apache.coyote.http11.Http11NioProtocol Starting ProtocolHandler ["https-jsse-nio-8080"]
2020-07-13 10:53:52 INFO  ForkJoinPool.commonPool-worker-1 org.springframework.boot.web.embedded.tomcat.TomcatWebServer Tomcat started on port(s): 8080 (https) with context path ''
2020-07-13 10:53:52 INFO  ForkJoinPool.commonPool-worker-1 org.springframework.boot.SpringApplication Started application in 3.419 seconds (JVM running for 4.57)
2020-07-13 10:54:00 INFO  JavaFX Application Thread org.springframework.scheduling.concurrent.ThreadPoolTaskExecutor Shutting down ExecutorService 'applicationTaskExecutor'
2020-07-13 10:54:00 INFO  JavaFX Application Thread org.springframework.orm.jpa.LocalContainerEntityManagerFactoryBean Closing JPA EntityManagerFactory for persistence unit 'default'
2020-07-13 10:54:00 INFO  JavaFX Application Thread com.zaxxer.hikari.HikariDataSource HikariPool-1 - Shutdown initiated...
2020-07-13 10:54:00 INFO  JavaFX Application Thread com.zaxxer.hikari.HikariDataSource HikariPool-1 - Shutdown completed.
