2020-06-03 13:04:58 INFO  ForkJoinPool.commonPool-worker-1 org.springframework.boot.SpringApplication Starting application on DESKTOP-1EA5E6Q with PID 9288 (started by 27848 in D:\java\compus_navigation)
2020-06-03 13:04:58 INFO  ForkJoinPool.commonPool-worker-1 org.springframework.boot.SpringApplication No active profile set, falling back to default profiles: default
2020-06-03 13:04:58 INFO  ForkJoinPool.commonPool-worker-1 org.springframework.boot.devtools.env.DevToolsPropertyDefaultsPostProcessor For additional web related logging consider setting the 'logging.level.web' property to 'DEBUG'
2020-06-03 13:04:59 INFO  ForkJoinPool.commonPool-worker-1 org.springframework.data.repository.config.RepositoryConfigurationDelegate Bootstrapping Spring Data JPA repositories in DEFAULT mode.
2020-06-03 13:04:59 INFO  ForkJoinPool.commonPool-worker-1 org.springframework.data.repository.config.RepositoryConfigurationDelegate Finished Spring Data repository scanning in 46ms. Found 3 JPA repository interfaces.
2020-06-03 13:04:59 INFO  ForkJoinPool.commonPool-worker-1 org.springframework.context.support.PostProcessorRegistrationDelegate$BeanPostProcessorChecker Bean 'org.springframework.transaction.annotation.ProxyTransactionManagementConfiguration' of type [org.springframework.transaction.annotation.ProxyTransactionManagementConfiguration] is not eligible for getting processed by all BeanPostProcessors (for example: not eligible for auto-proxying)
2020-06-03 13:04:59 INFO  ForkJoinPool.commonPool-worker-1 org.springframework.boot.web.embedded.tomcat.TomcatWebServer Tomcat initialized with port(s): 8080 (https)
2020-06-03 13:04:59 INFO  ForkJoinPool.commonPool-worker-1 org.apache.coyote.http11.Http11NioProtocol Initializing ProtocolHandler ["https-jsse-nio-8080"]
2020-06-03 13:04:59 INFO  ForkJoinPool.commonPool-worker-1 org.apache.catalina.core.StandardService Starting service [Tomcat]
2020-06-03 13:04:59 INFO  ForkJoinPool.commonPool-worker-1 org.apache.catalina.core.StandardEngine Starting Servlet engine: [Apache Tomcat/9.0.29]
2020-06-03 13:04:59 INFO  ForkJoinPool.commonPool-worker-1 org.apache.catalina.core.ContainerBase.[Tomcat].[localhost].[/] Initializing Spring embedded WebApplicationContext
2020-06-03 13:04:59 INFO  ForkJoinPool.commonPool-worker-1 org.springframework.web.context.ContextLoader Root WebApplicationContext: initialization completed in 1011 ms
2020-06-03 13:04:59 INFO  ForkJoinPool.commonPool-worker-1 com.zaxxer.hikari.HikariDataSource HikariPool-1 - Starting...
2020-06-03 13:05:00 INFO  ForkJoinPool.commonPool-worker-1 com.zaxxer.hikari.HikariDataSource HikariPool-1 - Start completed.
2020-06-03 13:05:00 INFO  ForkJoinPool.commonPool-worker-1 org.hibernate.jpa.internal.util.LogHelper HHH000204: Processing PersistenceUnitInfo [name: default]
2020-06-03 13:05:00 INFO  ForkJoinPool.commonPool-worker-1 org.hibernate.Version HHH000412: Hibernate Core {5.4.9.Final}
2020-06-03 13:05:00 INFO  ForkJoinPool.commonPool-worker-1 org.hibernate.annotations.common.Version HCANN000001: Hibernate Commons Annotations {5.1.0.Final}
2020-06-03 13:05:00 INFO  ForkJoinPool.commonPool-worker-1 org.hibernate.dialect.Dialect HHH000400: Using dialect: org.hibernate.dialect.MySQL5Dialect
2020-06-03 13:05:01 INFO  ForkJoinPool.commonPool-worker-1 org.hibernate.engine.transaction.jta.platform.internal.JtaPlatformInitiator HHH000490: Using JtaPlatform implementation: [org.hibernate.engine.transaction.jta.platform.internal.NoJtaPlatform]
2020-06-03 13:05:01 INFO  ForkJoinPool.commonPool-worker-1 org.springframework.orm.jpa.LocalContainerEntityManagerFactoryBean Initialized JPA EntityManagerFactory for persistence unit 'default'
2020-06-03 13:05:01 INFO  ForkJoinPool.commonPool-worker-1 org.springframework.scheduling.concurrent.ThreadPoolTaskExecutor Initializing ExecutorService 'applicationTaskExecutor'
2020-06-03 13:05:02 INFO  ForkJoinPool.commonPool-worker-1 org.apache.coyote.http11.Http11NioProtocol Starting ProtocolHandler ["https-jsse-nio-8080"]
2020-06-03 13:05:03 INFO  ForkJoinPool.commonPool-worker-1 org.springframework.boot.web.embedded.tomcat.TomcatWebServer Tomcat started on port(s): 8080 (https) with context path ''
2020-06-03 13:05:03 INFO  ForkJoinPool.commonPool-worker-1 org.springframework.boot.SpringApplication Started application in 4.943 seconds (JVM running for 7.154)
2020-06-03 13:06:37 INFO  https-jsse-nio-8080-exec-6 org.apache.catalina.core.ContainerBase.[Tomcat].[localhost].[/] Initializing Spring DispatcherServlet 'dispatcherServlet'
2020-06-03 13:06:37 INFO  https-jsse-nio-8080-exec-6 org.springframework.web.servlet.DispatcherServlet Initializing Servlet 'dispatcherServlet'
2020-06-03 13:06:37 INFO  https-jsse-nio-8080-exec-6 org.springframework.web.servlet.DispatcherServlet Completed initialization in 4 ms
2020-06-03 13:09:16 INFO  ForkJoinPool.commonPool-worker-1 org.springframework.boot.SpringApplication Starting application on DESKTOP-1EA5E6Q with PID 11412 (started by 27848 in D:\java\compus_navigation)
2020-06-03 13:09:16 INFO  ForkJoinPool.commonPool-worker-1 org.springframework.boot.SpringApplication No active profile set, falling back to default profiles: default
2020-06-03 13:09:16 INFO  ForkJoinPool.commonPool-worker-1 org.springframework.boot.devtools.env.DevToolsPropertyDefaultsPostProcessor For additional web related logging consider setting the 'logging.level.web' property to 'DEBUG'
2020-06-03 13:09:16 INFO  ForkJoinPool.commonPool-worker-1 org.springframework.data.repository.config.RepositoryConfigurationDelegate Bootstrapping Spring Data JPA repositories in DEFAULT mode.
2020-06-03 13:09:16 INFO  ForkJoinPool.commonPool-worker-1 org.springframework.data.repository.config.RepositoryConfigurationDelegate Finished Spring Data repository scanning in 43ms. Found 3 JPA repository interfaces.
2020-06-03 13:09:17 INFO  ForkJoinPool.commonPool-worker-1 org.springframework.context.support.PostProcessorRegistrationDelegate$BeanPostProcessorChecker Bean 'org.springframework.transaction.annotation.ProxyTransactionManagementConfiguration' of type [org.springframework.transaction.annotation.ProxyTransactionManagementConfiguration] is not eligible for getting processed by all BeanPostProcessors (for example: not eligible for auto-proxying)
2020-06-03 13:09:17 INFO  ForkJoinPool.commonPool-worker-1 org.springframework.boot.web.embedded.tomcat.TomcatWebServer Tomcat initialized with port(s): 8080 (https)
2020-06-03 13:09:17 INFO  ForkJoinPool.commonPool-worker-1 org.apache.coyote.http11.Http11NioProtocol Initializing ProtocolHandler ["https-jsse-nio-8080"]
2020-06-03 13:09:17 INFO  ForkJoinPool.commonPool-worker-1 org.apache.catalina.core.StandardService Starting service [Tomcat]
2020-06-03 13:09:17 INFO  ForkJoinPool.commonPool-worker-1 org.apache.catalina.core.StandardEngine Starting Servlet engine: [Apache Tomcat/9.0.29]
2020-06-03 13:09:17 INFO  ForkJoinPool.commonPool-worker-1 org.apache.catalina.core.ContainerBase.[Tomcat].[localhost].[/] Initializing Spring embedded WebApplicationContext
2020-06-03 13:09:17 INFO  ForkJoinPool.commonPool-worker-1 org.springframework.web.context.ContextLoader Root WebApplicationContext: initialization completed in 896 ms
2020-06-03 13:09:17 INFO  ForkJoinPool.commonPool-worker-1 com.zaxxer.hikari.HikariDataSource HikariPool-1 - Starting...
2020-06-03 13:09:17 INFO  ForkJoinPool.commonPool-worker-1 com.zaxxer.hikari.HikariDataSource HikariPool-1 - Start completed.
2020-06-03 13:09:17 INFO  ForkJoinPool.commonPool-worker-1 org.hibernate.jpa.internal.util.LogHelper HHH000204: Processing PersistenceUnitInfo [name: default]
2020-06-03 13:09:17 INFO  ForkJoinPool.commonPool-worker-1 org.hibernate.Version HHH000412: Hibernate Core {5.4.9.Final}
2020-06-03 13:09:17 INFO  ForkJoinPool.commonPool-worker-1 org.hibernate.annotations.common.Version HCANN000001: Hibernate Commons Annotations {5.1.0.Final}
2020-06-03 13:09:17 INFO  ForkJoinPool.commonPool-worker-1 org.hibernate.dialect.Dialect HHH000400: Using dialect: org.hibernate.dialect.MySQL5Dialect
2020-06-03 13:09:18 INFO  ForkJoinPool.commonPool-worker-1 org.hibernate.engine.transaction.jta.platform.internal.JtaPlatformInitiator HHH000490: Using JtaPlatform implementation: [org.hibernate.engine.transaction.jta.platform.internal.NoJtaPlatform]
2020-06-03 13:09:18 INFO  ForkJoinPool.commonPool-worker-1 org.springframework.orm.jpa.LocalContainerEntityManagerFactoryBean Initialized JPA EntityManagerFactory for persistence unit 'default'
2020-06-03 13:09:18 INFO  ForkJoinPool.commonPool-worker-1 org.springframework.scheduling.concurrent.ThreadPoolTaskExecutor Initializing ExecutorService 'applicationTaskExecutor'
2020-06-03 13:09:18 INFO  ForkJoinPool.commonPool-worker-1 org.apache.coyote.http11.Http11NioProtocol Starting ProtocolHandler ["https-jsse-nio-8080"]
2020-06-03 13:09:19 INFO  ForkJoinPool.commonPool-worker-1 org.springframework.boot.web.embedded.tomcat.TomcatWebServer Tomcat started on port(s): 8080 (https) with context path ''
2020-06-03 13:09:19 INFO  ForkJoinPool.commonPool-worker-1 org.springframework.boot.SpringApplication Started application in 3.954 seconds (JVM running for 5.759)
2020-06-03 13:09:22 INFO  https-jsse-nio-8080-exec-6 org.apache.catalina.core.ContainerBase.[Tomcat].[localhost].[/] Initializing Spring DispatcherServlet 'dispatcherServlet'
2020-06-03 13:09:22 INFO  https-jsse-nio-8080-exec-6 org.springframework.web.servlet.DispatcherServlet Initializing Servlet 'dispatcherServlet'
2020-06-03 13:09:22 INFO  https-jsse-nio-8080-exec-6 org.springframework.web.servlet.DispatcherServlet Completed initialization in 4 ms
2020-06-03 13:15:41 INFO  ForkJoinPool.commonPool-worker-1 org.springframework.boot.SpringApplication Starting application on DESKTOP-1EA5E6Q with PID 4484 (started by 27848 in D:\java\compus_navigation)
2020-06-03 13:15:41 INFO  ForkJoinPool.commonPool-worker-1 org.springframework.boot.SpringApplication No active profile set, falling back to default profiles: default
2020-06-03 13:15:41 INFO  ForkJoinPool.commonPool-worker-1 org.springframework.boot.devtools.env.DevToolsPropertyDefaultsPostProcessor For additional web related logging consider setting the 'logging.level.web' property to 'DEBUG'
2020-06-03 13:15:41 INFO  ForkJoinPool.commonPool-worker-1 org.springframework.data.repository.config.RepositoryConfigurationDelegate Bootstrapping Spring Data JPA repositories in DEFAULT mode.
2020-06-03 13:15:41 INFO  ForkJoinPool.commonPool-worker-1 org.springframework.data.repository.config.RepositoryConfigurationDelegate Finished Spring Data repository scanning in 43ms. Found 3 JPA repository interfaces.
2020-06-03 13:15:42 INFO  ForkJoinPool.commonPool-worker-1 org.springframework.context.support.PostProcessorRegistrationDelegate$BeanPostProcessorChecker Bean 'org.springframework.transaction.annotation.ProxyTransactionManagementConfiguration' of type [org.springframework.transaction.annotation.ProxyTransactionManagementConfiguration] is not eligible for getting processed by all BeanPostProcessors (for example: not eligible for auto-proxying)
2020-06-03 13:15:42 INFO  ForkJoinPool.commonPool-worker-1 org.springframework.boot.web.embedded.tomcat.TomcatWebServer Tomcat initialized with port(s): 8080 (https)
2020-06-03 13:15:42 INFO  ForkJoinPool.commonPool-worker-1 org.apache.coyote.http11.Http11NioProtocol Initializing ProtocolHandler ["https-jsse-nio-8080"]
2020-06-03 13:15:42 INFO  ForkJoinPool.commonPool-worker-1 org.apache.catalina.core.StandardService Starting service [Tomcat]
2020-06-03 13:15:42 INFO  ForkJoinPool.commonPool-worker-1 org.apache.catalina.core.StandardEngine Starting Servlet engine: [Apache Tomcat/9.0.29]
2020-06-03 13:15:42 INFO  ForkJoinPool.commonPool-worker-1 org.apache.catalina.core.ContainerBase.[Tomcat].[localhost].[/] Initializing Spring embedded WebApplicationContext
2020-06-03 13:15:42 INFO  ForkJoinPool.commonPool-worker-1 org.springframework.web.context.ContextLoader Root WebApplicationContext: initialization completed in 876 ms
2020-06-03 13:15:42 INFO  ForkJoinPool.commonPool-worker-1 com.zaxxer.hikari.HikariDataSource HikariPool-1 - Starting...
2020-06-03 13:15:42 INFO  ForkJoinPool.commonPool-worker-1 com.zaxxer.hikari.HikariDataSource HikariPool-1 - Start completed.
2020-06-03 13:15:42 INFO  ForkJoinPool.commonPool-worker-1 org.hibernate.jpa.internal.util.LogHelper HHH000204: Processing PersistenceUnitInfo [name: default]
2020-06-03 13:15:42 INFO  ForkJoinPool.commonPool-worker-1 org.hibernate.Version HHH000412: Hibernate Core {5.4.9.Final}
2020-06-03 13:15:42 INFO  ForkJoinPool.commonPool-worker-1 org.hibernate.annotations.common.Version HCANN000001: Hibernate Commons Annotations {5.1.0.Final}
2020-06-03 13:15:42 INFO  ForkJoinPool.commonPool-worker-1 org.hibernate.dialect.Dialect HHH000400: Using dialect: org.hibernate.dialect.MySQL5Dialect
2020-06-03 13:15:43 INFO  ForkJoinPool.commonPool-worker-1 org.hibernate.engine.transaction.jta.platform.internal.JtaPlatformInitiator HHH000490: Using JtaPlatform implementation: [org.hibernate.engine.transaction.jta.platform.internal.NoJtaPlatform]
2020-06-03 13:15:43 INFO  ForkJoinPool.commonPool-worker-1 org.springframework.orm.jpa.LocalContainerEntityManagerFactoryBean Initialized JPA EntityManagerFactory for persistence unit 'default'
2020-06-03 13:15:43 INFO  ForkJoinPool.commonPool-worker-1 org.springframework.scheduling.concurrent.ThreadPoolTaskExecutor Initializing ExecutorService 'applicationTaskExecutor'
2020-06-03 13:15:43 INFO  ForkJoinPool.commonPool-worker-1 org.apache.coyote.http11.Http11NioProtocol Starting ProtocolHandler ["https-jsse-nio-8080"]
2020-06-03 13:15:44 INFO  ForkJoinPool.commonPool-worker-1 org.springframework.boot.web.embedded.tomcat.TomcatWebServer Tomcat started on port(s): 8080 (https) with context path ''
2020-06-03 13:15:44 INFO  ForkJoinPool.commonPool-worker-1 org.springframework.boot.SpringApplication Started application in 3.88 seconds (JVM running for 5.694)
2020-06-03 13:15:47 INFO  https-jsse-nio-8080-exec-6 org.apache.catalina.core.ContainerBase.[Tomcat].[localhost].[/] Initializing Spring DispatcherServlet 'dispatcherServlet'
2020-06-03 13:15:47 INFO  https-jsse-nio-8080-exec-6 org.springframework.web.servlet.DispatcherServlet Initializing Servlet 'dispatcherServlet'
2020-06-03 13:15:47 INFO  https-jsse-nio-8080-exec-6 org.springframework.web.servlet.DispatcherServlet Completed initialization in 4 ms
2020-06-03 13:17:52 INFO  ForkJoinPool.commonPool-worker-1 org.springframework.boot.SpringApplication Starting application on DESKTOP-1EA5E6Q with PID 17900 (started by 27848 in D:\java\compus_navigation)
2020-06-03 13:17:52 INFO  ForkJoinPool.commonPool-worker-1 org.springframework.boot.SpringApplication No active profile set, falling back to default profiles: default
2020-06-03 13:17:52 INFO  ForkJoinPool.commonPool-worker-1 org.springframework.boot.devtools.env.DevToolsPropertyDefaultsPostProcessor For additional web related logging consider setting the 'logging.level.web' property to 'DEBUG'
2020-06-03 13:17:53 INFO  ForkJoinPool.commonPool-worker-1 org.springframework.data.repository.config.RepositoryConfigurationDelegate Bootstrapping Spring Data JPA repositories in DEFAULT mode.
2020-06-03 13:17:53 INFO  ForkJoinPool.commonPool-worker-1 org.springframework.data.repository.config.RepositoryConfigurationDelegate Finished Spring Data repository scanning in 44ms. Found 3 JPA repository interfaces.
2020-06-03 13:17:53 INFO  ForkJoinPool.commonPool-worker-1 org.springframework.context.support.PostProcessorRegistrationDelegate$BeanPostProcessorChecker Bean 'org.springframework.transaction.annotation.ProxyTransactionManagementConfiguration' of type [org.springframework.transaction.annotation.ProxyTransactionManagementConfiguration] is not eligible for getting processed by all BeanPostProcessors (for example: not eligible for auto-proxying)
2020-06-03 13:17:53 INFO  ForkJoinPool.commonPool-worker-1 org.springframework.boot.web.embedded.tomcat.TomcatWebServer Tomcat initialized with port(s): 8080 (https)
2020-06-03 13:17:53 INFO  ForkJoinPool.commonPool-worker-1 org.apache.coyote.http11.Http11NioProtocol Initializing ProtocolHandler ["https-jsse-nio-8080"]
2020-06-03 13:17:53 INFO  ForkJoinPool.commonPool-worker-1 org.apache.catalina.core.StandardService Starting service [Tomcat]
2020-06-03 13:17:53 INFO  ForkJoinPool.commonPool-worker-1 org.apache.catalina.core.StandardEngine Starting Servlet engine: [Apache Tomcat/9.0.29]
2020-06-03 13:17:53 INFO  ForkJoinPool.commonPool-worker-1 org.apache.catalina.core.ContainerBase.[Tomcat].[localhost].[/] Initializing Spring embedded WebApplicationContext
2020-06-03 13:17:53 INFO  ForkJoinPool.commonPool-worker-1 org.springframework.web.context.ContextLoader Root WebApplicationContext: initialization completed in 908 ms
2020-06-03 13:17:53 INFO  ForkJoinPool.commonPool-worker-1 com.zaxxer.hikari.HikariDataSource HikariPool-1 - Starting...
2020-06-03 13:17:53 INFO  ForkJoinPool.commonPool-worker-1 com.zaxxer.hikari.HikariDataSource HikariPool-1 - Start completed.
2020-06-03 13:17:53 INFO  ForkJoinPool.commonPool-worker-1 org.hibernate.jpa.internal.util.LogHelper HHH000204: Processing PersistenceUnitInfo [name: default]
2020-06-03 13:17:54 INFO  ForkJoinPool.commonPool-worker-1 org.hibernate.Version HHH000412: Hibernate Core {5.4.9.Final}
2020-06-03 13:17:54 INFO  ForkJoinPool.commonPool-worker-1 org.hibernate.annotations.common.Version HCANN000001: Hibernate Commons Annotations {5.1.0.Final}
2020-06-03 13:17:54 INFO  ForkJoinPool.commonPool-worker-1 org.hibernate.dialect.Dialect HHH000400: Using dialect: org.hibernate.dialect.MySQL5Dialect
2020-06-03 13:17:54 INFO  ForkJoinPool.commonPool-worker-1 org.hibernate.engine.transaction.jta.platform.internal.JtaPlatformInitiator HHH000490: Using JtaPlatform implementation: [org.hibernate.engine.transaction.jta.platform.internal.NoJtaPlatform]
2020-06-03 13:17:54 INFO  ForkJoinPool.commonPool-worker-1 org.springframework.orm.jpa.LocalContainerEntityManagerFactoryBean Initialized JPA EntityManagerFactory for persistence unit 'default'
2020-06-03 13:17:54 INFO  ForkJoinPool.commonPool-worker-1 org.springframework.scheduling.concurrent.ThreadPoolTaskExecutor Initializing ExecutorService 'applicationTaskExecutor'
2020-06-03 13:17:55 INFO  ForkJoinPool.commonPool-worker-1 org.apache.coyote.http11.Http11NioProtocol Starting ProtocolHandler ["https-jsse-nio-8080"]
2020-06-03 13:17:56 INFO  ForkJoinPool.commonPool-worker-1 org.springframework.boot.web.embedded.tomcat.TomcatWebServer Tomcat started on port(s): 8080 (https) with context path ''
2020-06-03 13:17:56 INFO  ForkJoinPool.commonPool-worker-1 org.springframework.boot.SpringApplication Started application in 3.989 seconds (JVM running for 5.786)
2020-06-03 13:18:01 INFO  https-jsse-nio-8080-exec-6 org.apache.catalina.core.ContainerBase.[Tomcat].[localhost].[/] Initializing Spring DispatcherServlet 'dispatcherServlet'
2020-06-03 13:18:01 INFO  https-jsse-nio-8080-exec-6 org.springframework.web.servlet.DispatcherServlet Initializing Servlet 'dispatcherServlet'
2020-06-03 13:18:01 INFO  https-jsse-nio-8080-exec-6 org.springframework.web.servlet.DispatcherServlet Completed initialization in 4 ms
2020-06-03 13:23:02 INFO  ForkJoinPool.commonPool-worker-1 org.springframework.boot.SpringApplication Starting application on DESKTOP-1EA5E6Q with PID 12260 (started by 27848 in D:\java\compus_navigation)
2020-06-03 13:23:02 INFO  ForkJoinPool.commonPool-worker-1 org.springframework.boot.SpringApplication No active profile set, falling back to default profiles: default
2020-06-03 13:23:02 INFO  ForkJoinPool.commonPool-worker-1 org.springframework.boot.devtools.env.DevToolsPropertyDefaultsPostProcessor For additional web related logging consider setting the 'logging.level.web' property to 'DEBUG'
2020-06-03 13:23:03 INFO  ForkJoinPool.commonPool-worker-1 org.springframework.data.repository.config.RepositoryConfigurationDelegate Bootstrapping Spring Data JPA repositories in DEFAULT mode.
2020-06-03 13:23:03 INFO  ForkJoinPool.commonPool-worker-1 org.springframework.data.repository.config.RepositoryConfigurationDelegate Finished Spring Data repository scanning in 43ms. Found 3 JPA repository interfaces.
2020-06-03 13:23:03 INFO  ForkJoinPool.commonPool-worker-1 org.springframework.context.support.PostProcessorRegistrationDelegate$BeanPostProcessorChecker Bean 'org.springframework.transaction.annotation.ProxyTransactionManagementConfiguration' of type [org.springframework.transaction.annotation.ProxyTransactionManagementConfiguration] is not eligible for getting processed by all BeanPostProcessors (for example: not eligible for auto-proxying)
2020-06-03 13:23:03 INFO  ForkJoinPool.commonPool-worker-1 org.springframework.boot.web.embedded.tomcat.TomcatWebServer Tomcat initialized with port(s): 8080 (https)
2020-06-03 13:23:03 INFO  ForkJoinPool.commonPool-worker-1 org.apache.coyote.http11.Http11NioProtocol Initializing ProtocolHandler ["https-jsse-nio-8080"]
2020-06-03 13:23:03 INFO  ForkJoinPool.commonPool-worker-1 org.apache.catalina.core.StandardService Starting service [Tomcat]
2020-06-03 13:23:03 INFO  ForkJoinPool.commonPool-worker-1 org.apache.catalina.core.StandardEngine Starting Servlet engine: [Apache Tomcat/9.0.29]
2020-06-03 13:23:03 INFO  ForkJoinPool.commonPool-worker-1 org.apache.catalina.core.ContainerBase.[Tomcat].[localhost].[/] Initializing Spring embedded WebApplicationContext
2020-06-03 13:23:03 INFO  ForkJoinPool.commonPool-worker-1 org.springframework.web.context.ContextLoader Root WebApplicationContext: initialization completed in 906 ms
2020-06-03 13:23:03 INFO  ForkJoinPool.commonPool-worker-1 com.zaxxer.hikari.HikariDataSource HikariPool-1 - Starting...
2020-06-03 13:23:03 INFO  ForkJoinPool.commonPool-worker-1 com.zaxxer.hikari.HikariDataSource HikariPool-1 - Start completed.
2020-06-03 13:23:04 INFO  ForkJoinPool.commonPool-worker-1 org.hibernate.jpa.internal.util.LogHelper HHH000204: Processing PersistenceUnitInfo [name: default]
2020-06-03 13:23:04 INFO  ForkJoinPool.commonPool-worker-1 org.hibernate.Version HHH000412: Hibernate Core {5.4.9.Final}
2020-06-03 13:23:04 INFO  ForkJoinPool.commonPool-worker-1 org.hibernate.annotations.common.Version HCANN000001: Hibernate Commons Annotations {5.1.0.Final}
2020-06-03 13:23:04 INFO  ForkJoinPool.commonPool-worker-1 org.hibernate.dialect.Dialect HHH000400: Using dialect: org.hibernate.dialect.MySQL5Dialect
2020-06-03 13:23:04 INFO  ForkJoinPool.commonPool-worker-1 org.hibernate.engine.transaction.jta.platform.internal.JtaPlatformInitiator HHH000490: Using JtaPlatform implementation: [org.hibernate.engine.transaction.jta.platform.internal.NoJtaPlatform]
2020-06-03 13:23:04 INFO  ForkJoinPool.commonPool-worker-1 org.springframework.orm.jpa.LocalContainerEntityManagerFactoryBean Initialized JPA EntityManagerFactory for persistence unit 'default'
2020-06-03 13:23:04 INFO  ForkJoinPool.commonPool-worker-1 org.springframework.scheduling.concurrent.ThreadPoolTaskExecutor Initializing ExecutorService 'applicationTaskExecutor'
2020-06-03 13:23:05 INFO  ForkJoinPool.commonPool-worker-1 org.apache.coyote.http11.Http11NioProtocol Starting ProtocolHandler ["https-jsse-nio-8080"]
2020-06-03 13:23:06 INFO  ForkJoinPool.commonPool-worker-1 org.springframework.boot.web.embedded.tomcat.TomcatWebServer Tomcat started on port(s): 8080 (https) with context path ''
2020-06-03 13:23:06 INFO  ForkJoinPool.commonPool-worker-1 org.springframework.boot.SpringApplication Started application in 3.947 seconds (JVM running for 5.711)
2020-06-03 13:23:09 INFO  https-jsse-nio-8080-exec-2 org.apache.catalina.core.ContainerBase.[Tomcat].[localhost].[/] Initializing Spring DispatcherServlet 'dispatcherServlet'
2020-06-03 13:23:09 INFO  https-jsse-nio-8080-exec-2 org.springframework.web.servlet.DispatcherServlet Initializing Servlet 'dispatcherServlet'
2020-06-03 13:23:09 INFO  https-jsse-nio-8080-exec-2 org.springframework.web.servlet.DispatcherServlet Completed initialization in 4 ms
2020-06-03 13:26:08 INFO  ForkJoinPool.commonPool-worker-1 org.springframework.boot.SpringApplication Starting application on DESKTOP-1EA5E6Q with PID 18956 (started by 27848 in D:\java\compus_navigation)
2020-06-03 13:26:08 INFO  ForkJoinPool.commonPool-worker-1 org.springframework.boot.SpringApplication No active profile set, falling back to default profiles: default
2020-06-03 13:26:08 INFO  ForkJoinPool.commonPool-worker-1 org.springframework.boot.devtools.env.DevToolsPropertyDefaultsPostProcessor For additional web related logging consider setting the 'logging.level.web' property to 'DEBUG'
2020-06-03 13:26:09 INFO  ForkJoinPool.commonPool-worker-1 org.springframework.data.repository.config.RepositoryConfigurationDelegate Bootstrapping Spring Data JPA repositories in DEFAULT mode.
2020-06-03 13:26:09 INFO  ForkJoinPool.commonPool-worker-1 org.springframework.data.repository.config.RepositoryConfigurationDelegate Finished Spring Data repository scanning in 43ms. Found 3 JPA repository interfaces.
2020-06-03 13:26:09 INFO  ForkJoinPool.commonPool-worker-1 org.springframework.context.support.PostProcessorRegistrationDelegate$BeanPostProcessorChecker Bean 'org.springframework.transaction.annotation.ProxyTransactionManagementConfiguration' of type [org.springframework.transaction.annotation.ProxyTransactionManagementConfiguration] is not eligible for getting processed by all BeanPostProcessors (for example: not eligible for auto-proxying)
2020-06-03 13:26:09 INFO  ForkJoinPool.commonPool-worker-1 org.springframework.boot.web.embedded.tomcat.TomcatWebServer Tomcat initialized with port(s): 8080 (https)
2020-06-03 13:26:09 INFO  ForkJoinPool.commonPool-worker-1 org.apache.coyote.http11.Http11NioProtocol Initializing ProtocolHandler ["https-jsse-nio-8080"]
2020-06-03 13:26:09 INFO  ForkJoinPool.commonPool-worker-1 org.apache.catalina.core.StandardService Starting service [Tomcat]
2020-06-03 13:26:09 INFO  ForkJoinPool.commonPool-worker-1 org.apache.catalina.core.StandardEngine Starting Servlet engine: [Apache Tomcat/9.0.29]
2020-06-03 13:26:09 INFO  ForkJoinPool.commonPool-worker-1 org.apache.catalina.core.ContainerBase.[Tomcat].[localhost].[/] Initializing Spring embedded WebApplicationContext
2020-06-03 13:26:09 INFO  ForkJoinPool.commonPool-worker-1 org.springframework.web.context.ContextLoader Root WebApplicationContext: initialization completed in 867 ms
2020-06-03 13:26:09 INFO  ForkJoinPool.commonPool-worker-1 com.zaxxer.hikari.HikariDataSource HikariPool-1 - Starting...
2020-06-03 13:26:09 INFO  ForkJoinPool.commonPool-worker-1 com.zaxxer.hikari.HikariDataSource HikariPool-1 - Start completed.
2020-06-03 13:26:09 INFO  ForkJoinPool.commonPool-worker-1 org.hibernate.jpa.internal.util.LogHelper HHH000204: Processing PersistenceUnitInfo [name: default]
2020-06-03 13:26:09 INFO  ForkJoinPool.commonPool-worker-1 org.hibernate.Version HHH000412: Hibernate Core {5.4.9.Final}
2020-06-03 13:26:10 INFO  ForkJoinPool.commonPool-worker-1 org.hibernate.annotations.common.Version HCANN000001: Hibernate Commons Annotations {5.1.0.Final}
2020-06-03 13:26:10 INFO  ForkJoinPool.commonPool-worker-1 org.hibernate.dialect.Dialect HHH000400: Using dialect: org.hibernate.dialect.MySQL5Dialect
2020-06-03 13:26:10 INFO  ForkJoinPool.commonPool-worker-1 org.hibernate.engine.transaction.jta.platform.internal.JtaPlatformInitiator HHH000490: Using JtaPlatform implementation: [org.hibernate.engine.transaction.jta.platform.internal.NoJtaPlatform]
2020-06-03 13:26:10 INFO  ForkJoinPool.commonPool-worker-1 org.springframework.orm.jpa.LocalContainerEntityManagerFactoryBean Initialized JPA EntityManagerFactory for persistence unit 'default'
2020-06-03 13:26:10 INFO  ForkJoinPool.commonPool-worker-1 org.springframework.scheduling.concurrent.ThreadPoolTaskExecutor Initializing ExecutorService 'applicationTaskExecutor'
2020-06-03 13:26:11 INFO  ForkJoinPool.commonPool-worker-1 org.apache.coyote.http11.Http11NioProtocol Starting ProtocolHandler ["https-jsse-nio-8080"]
2020-06-03 13:26:11 INFO  ForkJoinPool.commonPool-worker-1 org.springframework.boot.web.embedded.tomcat.TomcatWebServer Tomcat started on port(s): 8080 (https) with context path ''
2020-06-03 13:26:12 INFO  ForkJoinPool.commonPool-worker-1 org.springframework.boot.SpringApplication Started application in 3.882 seconds (JVM running for 5.757)
2020-06-03 13:26:15 INFO  https-jsse-nio-8080-exec-6 org.apache.catalina.core.ContainerBase.[Tomcat].[localhost].[/] Initializing Spring DispatcherServlet 'dispatcherServlet'
2020-06-03 13:26:15 INFO  https-jsse-nio-8080-exec-6 org.springframework.web.servlet.DispatcherServlet Initializing Servlet 'dispatcherServlet'
2020-06-03 13:26:15 INFO  https-jsse-nio-8080-exec-6 org.springframework.web.servlet.DispatcherServlet Completed initialization in 5 ms
