2020-05-27 15:56:53 INFO  ForkJoinPool.commonPool-worker-3 org.springframework.boot.SpringApplication Starting application on DESKTOP-1EA5E6Q with PID 4140 (started by 27848 in D:\java\compus_navigation)
2020-05-27 15:56:53 INFO  ForkJoinPool.commonPool-worker-3 org.springframework.boot.SpringApplication No active profile set, falling back to default profiles: default
2020-05-27 15:56:53 INFO  ForkJoinPool.commonPool-worker-3 org.springframework.boot.devtools.env.DevToolsPropertyDefaultsPostProcessor For additional web related logging consider setting the 'logging.level.web' property to 'DEBUG'
2020-05-27 15:56:54 INFO  ForkJoinPool.commonPool-worker-3 org.springframework.data.repository.config.RepositoryConfigurationDelegate Bootstrapping Spring Data JPA repositories in DEFAULT mode.
2020-05-27 15:56:54 INFO  ForkJoinPool.commonPool-worker-3 org.springframework.data.repository.config.RepositoryConfigurationDelegate Finished Spring Data repository scanning in 37ms. Found 2 JPA repository interfaces.
2020-05-27 15:56:54 INFO  ForkJoinPool.commonPool-worker-3 org.springframework.context.support.PostProcessorRegistrationDelegate$BeanPostProcessorChecker Bean 'org.springframework.transaction.annotation.ProxyTransactionManagementConfiguration' of type [org.springframework.transaction.annotation.ProxyTransactionManagementConfiguration] is not eligible for getting processed by all BeanPostProcessors (for example: not eligible for auto-proxying)
2020-05-27 15:56:54 INFO  ForkJoinPool.commonPool-worker-3 org.springframework.boot.web.embedded.tomcat.TomcatWebServer Tomcat initialized with port(s): 8080 (https)
2020-05-27 15:56:54 INFO  ForkJoinPool.commonPool-worker-3 org.apache.coyote.http11.Http11NioProtocol Initializing ProtocolHandler ["https-jsse-nio-8080"]
2020-05-27 15:56:54 INFO  ForkJoinPool.commonPool-worker-3 org.apache.catalina.core.StandardService Starting service [Tomcat]
2020-05-27 15:56:54 INFO  ForkJoinPool.commonPool-worker-3 org.apache.catalina.core.StandardEngine Starting Servlet engine: [Apache Tomcat/9.0.29]
2020-05-27 15:56:54 INFO  ForkJoinPool.commonPool-worker-3 org.apache.catalina.core.ContainerBase.[Tomcat].[localhost].[/] Initializing Spring embedded WebApplicationContext
2020-05-27 15:56:54 INFO  ForkJoinPool.commonPool-worker-3 org.springframework.web.context.ContextLoader Root WebApplicationContext: initialization completed in 849 ms
2020-05-27 15:56:54 INFO  ForkJoinPool.commonPool-worker-3 com.zaxxer.hikari.HikariDataSource HikariPool-1 - Starting...
2020-05-27 15:56:55 INFO  ForkJoinPool.commonPool-worker-3 com.zaxxer.hikari.HikariDataSource HikariPool-1 - Start completed.
2020-05-27 15:56:55 INFO  ForkJoinPool.commonPool-worker-3 org.hibernate.jpa.internal.util.LogHelper HHH000204: Processing PersistenceUnitInfo [name: default]
2020-05-27 15:56:55 INFO  ForkJoinPool.commonPool-worker-3 org.hibernate.Version HHH000412: Hibernate Core {5.4.9.Final}
2020-05-27 15:56:55 INFO  ForkJoinPool.commonPool-worker-3 org.hibernate.annotations.common.Version HCANN000001: Hibernate Commons Annotations {5.1.0.Final}
2020-05-27 15:56:55 INFO  ForkJoinPool.commonPool-worker-3 org.hibernate.dialect.Dialect HHH000400: Using dialect: org.hibernate.dialect.MySQL5Dialect
2020-05-27 15:56:55 INFO  ForkJoinPool.commonPool-worker-3 org.hibernate.engine.transaction.jta.platform.internal.JtaPlatformInitiator HHH000490: Using JtaPlatform implementation: [org.hibernate.engine.transaction.jta.platform.internal.NoJtaPlatform]
2020-05-27 15:56:55 INFO  ForkJoinPool.commonPool-worker-3 org.springframework.orm.jpa.LocalContainerEntityManagerFactoryBean Initialized JPA EntityManagerFactory for persistence unit 'default'
2020-05-27 15:56:56 INFO  ForkJoinPool.commonPool-worker-3 org.springframework.scheduling.concurrent.ThreadPoolTaskExecutor Initializing ExecutorService 'applicationTaskExecutor'
2020-05-27 15:56:56 INFO  ForkJoinPool.commonPool-worker-3 org.apache.coyote.http11.Http11NioProtocol Starting ProtocolHandler ["https-jsse-nio-8080"]
2020-05-27 15:56:56 INFO  ForkJoinPool.commonPool-worker-3 org.springframework.boot.web.embedded.tomcat.TomcatWebServer Tomcat started on port(s): 8080 (https) with context path ''
2020-05-27 15:56:56 INFO  ForkJoinPool.commonPool-worker-3 org.springframework.boot.SpringApplication Started application in 3.179 seconds (JVM running for 4.941)
2020-05-27 15:57:00 INFO  JavaFX Application Thread org.springframework.scheduling.concurrent.ThreadPoolTaskExecutor Shutting down ExecutorService 'applicationTaskExecutor'
2020-05-27 15:57:00 INFO  JavaFX Application Thread org.springframework.orm.jpa.LocalContainerEntityManagerFactoryBean Closing JPA EntityManagerFactory for persistence unit 'default'
2020-05-27 15:57:00 INFO  JavaFX Application Thread com.zaxxer.hikari.HikariDataSource HikariPool-1 - Shutdown initiated...
2020-05-27 15:57:00 INFO  JavaFX Application Thread com.zaxxer.hikari.HikariDataSource HikariPool-1 - Shutdown completed.
