2020-05-25 19:23:09 INFO  restartedMain com.scaudachuang.campus_navigation.CampusNavigationApplication Starting CampusNavigationApplication on DESKTOP-1EA5E6Q with PID 17584 (D:\java\compus_navigation\target\classes started by 27848 in D:\java\compus_navigation)
2020-05-25 19:23:09 INFO  restartedMain com.scaudachuang.campus_navigation.CampusNavigationApplication No active profile set, falling back to default profiles: default
2020-05-25 19:23:10 INFO  restartedMain org.springframework.boot.devtools.restart.ChangeableUrls The Class-Path manifest attribute in C:\Users\27848\.m2\repository\org\glassfish\jaxb\jaxb-runtime\2.3.2\jaxb-runtime-2.3.2.jar referenced one or more files that do not exist: file:/C:/Users/27848/.m2/repository/org/glassfish/jaxb/jaxb-runtime/2.3.2/jakarta.xml.bind-api-2.3.2.jar,file:/C:/Users/27848/.m2/repository/org/glassfish/jaxb/jaxb-runtime/2.3.2/txw2-2.3.2.jar,file:/C:/Users/27848/.m2/repository/org/glassfish/jaxb/jaxb-runtime/2.3.2/istack-commons-runtime-3.0.8.jar,file:/C:/Users/27848/.m2/repository/org/glassfish/jaxb/jaxb-runtime/2.3.2/stax-ex-1.8.1.jar,file:/C:/Users/27848/.m2/repository/org/glassfish/jaxb/jaxb-runtime/2.3.2/FastInfoset-1.2.16.jar,file:/C:/Users/27848/.m2/repository/org/glassfish/jaxb/jaxb-runtime/2.3.2/jakarta.activation-api-1.2.1.jar
2020-05-25 19:23:10 INFO  restartedMain org.springframework.boot.devtools.env.DevToolsPropertyDefaultsPostProcessor Devtools property defaults active! Set 'spring.devtools.add-properties' to 'false' to disable
2020-05-25 19:23:10 INFO  restartedMain org.springframework.boot.devtools.env.DevToolsPropertyDefaultsPostProcessor For additional web related logging consider setting the 'logging.level.web' property to 'DEBUG'
2020-05-25 19:23:10 INFO  restartedMain org.springframework.data.repository.config.RepositoryConfigurationDelegate Bootstrapping Spring Data JPA repositories in DEFAULT mode.
2020-05-25 19:23:10 INFO  restartedMain org.springframework.data.repository.config.RepositoryConfigurationDelegate Finished Spring Data repository scanning in 36ms. Found 2 JPA repository interfaces.
2020-05-25 19:23:10 INFO  restartedMain org.springframework.context.support.PostProcessorRegistrationDelegate$BeanPostProcessorChecker Bean 'org.springframework.transaction.annotation.ProxyTransactionManagementConfiguration' of type [org.springframework.transaction.annotation.ProxyTransactionManagementConfiguration] is not eligible for getting processed by all BeanPostProcessors (for example: not eligible for auto-proxying)
2020-05-25 19:23:10 INFO  restartedMain org.springframework.boot.web.embedded.tomcat.TomcatWebServer Tomcat initialized with port(s): 8080 (https)
2020-05-25 19:23:10 INFO  restartedMain org.apache.coyote.http11.Http11NioProtocol Initializing ProtocolHandler ["https-jsse-nio-8080"]
2020-05-25 19:23:10 INFO  restartedMain org.apache.catalina.core.StandardService Starting service [Tomcat]
2020-05-25 19:23:10 INFO  restartedMain org.apache.catalina.core.StandardEngine Starting Servlet engine: [Apache Tomcat/9.0.29]
2020-05-25 19:23:10 INFO  restartedMain org.apache.catalina.core.ContainerBase.[Tomcat].[localhost].[/] Initializing Spring embedded WebApplicationContext
2020-05-25 19:23:10 INFO  restartedMain org.springframework.web.context.ContextLoader Root WebApplicationContext: initialization completed in 866 ms
2020-05-25 19:23:10 INFO  restartedMain com.zaxxer.hikari.HikariDataSource HikariPool-1 - Starting...
2020-05-25 19:23:11 INFO  restartedMain com.zaxxer.hikari.HikariDataSource HikariPool-1 - Start completed.
2020-05-25 19:23:11 INFO  restartedMain org.hibernate.jpa.internal.util.LogHelper HHH000204: Processing PersistenceUnitInfo [name: default]
2020-05-25 19:23:11 INFO  restartedMain org.hibernate.Version HHH000412: Hibernate Core {5.4.9.Final}
2020-05-25 19:23:11 INFO  restartedMain org.hibernate.annotations.common.Version HCANN000001: Hibernate Commons Annotations {5.1.0.Final}
2020-05-25 19:23:11 INFO  restartedMain org.hibernate.dialect.Dialect HHH000400: Using dialect: org.hibernate.dialect.MySQL5Dialect
2020-05-25 19:23:11 INFO  restartedMain org.hibernate.engine.transaction.jta.platform.internal.JtaPlatformInitiator HHH000490: Using JtaPlatform implementation: [org.hibernate.engine.transaction.jta.platform.internal.NoJtaPlatform]
2020-05-25 19:23:11 INFO  restartedMain org.springframework.orm.jpa.LocalContainerEntityManagerFactoryBean Initialized JPA EntityManagerFactory for persistence unit 'default'
2020-05-25 19:23:11 INFO  restartedMain org.springframework.scheduling.concurrent.ThreadPoolTaskExecutor Initializing ExecutorService 'applicationTaskExecutor'
2020-05-25 19:23:12 INFO  restartedMain org.springframework.boot.devtools.autoconfigure.OptionalLiveReloadServer LiveReload server is running on port 35729
2020-05-25 19:23:12 INFO  restartedMain org.apache.coyote.http11.Http11NioProtocol Starting ProtocolHandler ["https-jsse-nio-8080"]
2020-05-25 19:23:12 INFO  restartedMain org.springframework.boot.web.embedded.tomcat.TomcatWebServer Tomcat started on port(s): 8080 (https) with context path ''
2020-05-25 19:23:12 INFO  restartedMain com.scaudachuang.campus_navigation.CampusNavigationApplication Started CampusNavigationApplication in 2.49 seconds (JVM running for 4.02)
2020-05-25 19:23:46 INFO  restartedMain com.scaudachuang.campus_navigation.CampusNavigationApplication Starting CampusNavigationApplication on DESKTOP-1EA5E6Q with PID 2196 (D:\java\compus_navigation\target\classes started by 27848 in D:\java\compus_navigation)
2020-05-25 19:23:46 INFO  restartedMain com.scaudachuang.campus_navigation.CampusNavigationApplication No active profile set, falling back to default profiles: default
2020-05-25 19:23:46 INFO  restartedMain org.springframework.boot.devtools.restart.ChangeableUrls The Class-Path manifest attribute in C:\Users\27848\.m2\repository\org\glassfish\jaxb\jaxb-runtime\2.3.2\jaxb-runtime-2.3.2.jar referenced one or more files that do not exist: file:/C:/Users/27848/.m2/repository/org/glassfish/jaxb/jaxb-runtime/2.3.2/jakarta.xml.bind-api-2.3.2.jar,file:/C:/Users/27848/.m2/repository/org/glassfish/jaxb/jaxb-runtime/2.3.2/txw2-2.3.2.jar,file:/C:/Users/27848/.m2/repository/org/glassfish/jaxb/jaxb-runtime/2.3.2/istack-commons-runtime-3.0.8.jar,file:/C:/Users/27848/.m2/repository/org/glassfish/jaxb/jaxb-runtime/2.3.2/stax-ex-1.8.1.jar,file:/C:/Users/27848/.m2/repository/org/glassfish/jaxb/jaxb-runtime/2.3.2/FastInfoset-1.2.16.jar,file:/C:/Users/27848/.m2/repository/org/glassfish/jaxb/jaxb-runtime/2.3.2/jakarta.activation-api-1.2.1.jar
2020-05-25 19:23:46 INFO  restartedMain org.springframework.boot.devtools.env.DevToolsPropertyDefaultsPostProcessor Devtools property defaults active! Set 'spring.devtools.add-properties' to 'false' to disable
2020-05-25 19:23:46 INFO  restartedMain org.springframework.boot.devtools.env.DevToolsPropertyDefaultsPostProcessor For additional web related logging consider setting the 'logging.level.web' property to 'DEBUG'
2020-05-25 19:23:47 INFO  restartedMain org.springframework.data.repository.config.RepositoryConfigurationDelegate Bootstrapping Spring Data JPA repositories in DEFAULT mode.
2020-05-25 19:23:47 INFO  restartedMain org.springframework.data.repository.config.RepositoryConfigurationDelegate Finished Spring Data repository scanning in 35ms. Found 2 JPA repository interfaces.
2020-05-25 19:23:47 INFO  restartedMain org.springframework.context.support.PostProcessorRegistrationDelegate$BeanPostProcessorChecker Bean 'org.springframework.transaction.annotation.ProxyTransactionManagementConfiguration' of type [org.springframework.transaction.annotation.ProxyTransactionManagementConfiguration] is not eligible for getting processed by all BeanPostProcessors (for example: not eligible for auto-proxying)
2020-05-25 19:23:47 INFO  restartedMain org.springframework.boot.web.embedded.tomcat.TomcatWebServer Tomcat initialized with port(s): 8080 (https)
2020-05-25 19:23:47 INFO  restartedMain org.apache.coyote.http11.Http11NioProtocol Initializing ProtocolHandler ["https-jsse-nio-8080"]
2020-05-25 19:23:47 INFO  restartedMain org.apache.catalina.core.StandardService Starting service [Tomcat]
2020-05-25 19:23:47 INFO  restartedMain org.apache.catalina.core.StandardEngine Starting Servlet engine: [Apache Tomcat/9.0.29]
2020-05-25 19:23:47 INFO  restartedMain org.apache.catalina.core.ContainerBase.[Tomcat].[localhost].[/] Initializing Spring embedded WebApplicationContext
2020-05-25 19:23:47 INFO  restartedMain org.springframework.web.context.ContextLoader Root WebApplicationContext: initialization completed in 858 ms
2020-05-25 19:23:47 INFO  restartedMain com.zaxxer.hikari.HikariDataSource HikariPool-1 - Starting...
2020-05-25 19:23:47 INFO  restartedMain com.zaxxer.hikari.HikariDataSource HikariPool-1 - Start completed.
2020-05-25 19:23:47 INFO  restartedMain org.hibernate.jpa.internal.util.LogHelper HHH000204: Processing PersistenceUnitInfo [name: default]
2020-05-25 19:23:47 INFO  restartedMain org.hibernate.Version HHH000412: Hibernate Core {5.4.9.Final}
2020-05-25 19:23:47 INFO  restartedMain org.hibernate.annotations.common.Version HCANN000001: Hibernate Commons Annotations {5.1.0.Final}
2020-05-25 19:23:48 INFO  restartedMain org.hibernate.dialect.Dialect HHH000400: Using dialect: org.hibernate.dialect.MySQL5Dialect
2020-05-25 19:23:48 INFO  restartedMain org.hibernate.engine.transaction.jta.platform.internal.JtaPlatformInitiator HHH000490: Using JtaPlatform implementation: [org.hibernate.engine.transaction.jta.platform.internal.NoJtaPlatform]
2020-05-25 19:23:48 INFO  restartedMain org.springframework.orm.jpa.LocalContainerEntityManagerFactoryBean Initialized JPA EntityManagerFactory for persistence unit 'default'
2020-05-25 19:23:48 INFO  restartedMain org.springframework.scheduling.concurrent.ThreadPoolTaskExecutor Initializing ExecutorService 'applicationTaskExecutor'
2020-05-25 19:23:48 INFO  restartedMain org.springframework.boot.devtools.autoconfigure.OptionalLiveReloadServer LiveReload server is running on port 35729
2020-05-25 19:23:48 INFO  restartedMain org.apache.coyote.http11.Http11NioProtocol Starting ProtocolHandler ["https-jsse-nio-8080"]
2020-05-25 19:23:48 INFO  restartedMain org.springframework.boot.web.embedded.tomcat.TomcatWebServer Tomcat started on port(s): 8080 (https) with context path ''
2020-05-25 19:23:48 INFO  restartedMain com.scaudachuang.campus_navigation.CampusNavigationApplication Started CampusNavigationApplication in 2.453 seconds (JVM running for 3.884)
