2020-05-31 15:56:20 INFO  ForkJoinPool.commonPool-worker-3 org.springframework.boot.SpringApplication Starting application on DESKTOP-1EA5E6Q with PID 11808 (started by 27848 in D:\java\compus_navigation)
2020-05-31 15:56:20 INFO  ForkJoinPool.commonPool-worker-3 org.springframework.boot.SpringApplication No active profile set, falling back to default profiles: default
2020-05-31 15:56:20 INFO  ForkJoinPool.commonPool-worker-3 org.springframework.boot.devtools.env.DevToolsPropertyDefaultsPostProcessor For additional web related logging consider setting the 'logging.level.web' property to 'DEBUG'
2020-05-31 15:56:20 INFO  ForkJoinPool.commonPool-worker-3 org.springframework.data.repository.config.RepositoryConfigurationDelegate Bootstrapping Spring Data JPA repositories in DEFAULT mode.
2020-05-31 15:56:20 INFO  ForkJoinPool.commonPool-worker-3 org.springframework.data.repository.config.RepositoryConfigurationDelegate Finished Spring Data repository scanning in 45ms. Found 2 JPA repository interfaces.
2020-05-31 15:56:20 INFO  ForkJoinPool.commonPool-worker-3 org.springframework.context.support.PostProcessorRegistrationDelegate$BeanPostProcessorChecker Bean 'org.springframework.transaction.annotation.ProxyTransactionManagementConfiguration' of type [org.springframework.transaction.annotation.ProxyTransactionManagementConfiguration] is not eligible for getting processed by all BeanPostProcessors (for example: not eligible for auto-proxying)
2020-05-31 15:56:20 INFO  ForkJoinPool.commonPool-worker-3 org.springframework.boot.web.embedded.tomcat.TomcatWebServer Tomcat initialized with port(s): 8080 (https)
2020-05-31 15:56:20 INFO  ForkJoinPool.commonPool-worker-3 org.apache.coyote.http11.Http11NioProtocol Initializing ProtocolHandler ["https-jsse-nio-8080"]
2020-05-31 15:56:20 INFO  ForkJoinPool.commonPool-worker-3 org.apache.catalina.core.StandardService Starting service [Tomcat]
2020-05-31 15:56:20 INFO  ForkJoinPool.commonPool-worker-3 org.apache.catalina.core.StandardEngine Starting Servlet engine: [Apache Tomcat/9.0.29]
2020-05-31 15:56:21 INFO  ForkJoinPool.commonPool-worker-3 org.apache.catalina.core.ContainerBase.[Tomcat].[localhost].[/] Initializing Spring embedded WebApplicationContext
2020-05-31 15:56:21 INFO  ForkJoinPool.commonPool-worker-3 org.springframework.web.context.ContextLoader Root WebApplicationContext: initialization completed in 1025 ms
2020-05-31 15:56:21 INFO  ForkJoinPool.commonPool-worker-3 com.zaxxer.hikari.HikariDataSource HikariPool-1 - Starting...
2020-05-31 15:56:21 INFO  ForkJoinPool.commonPool-worker-3 org.hibernate.jpa.internal.util.LogHelper HHH000204: Processing PersistenceUnitInfo [name: default]
2020-05-31 15:56:21 INFO  ForkJoinPool.commonPool-worker-3 org.hibernate.Version HHH000412: Hibernate Core {5.4.9.Final}
2020-05-31 15:56:21 INFO  ForkJoinPool.commonPool-worker-3 org.hibernate.annotations.common.Version HCANN000001: Hibernate Commons Annotations {5.1.0.Final}
2020-05-31 15:56:21 INFO  ForkJoinPool.commonPool-worker-3 com.zaxxer.hikari.HikariDataSource HikariPool-1 - Starting...
2020-05-31 15:56:21 INFO  ForkJoinPool.commonPool-worker-3 org.hibernate.dialect.Dialect HHH000400: Using dialect: org.hibernate.dialect.MySQL5Dialect
2020-05-31 15:56:22 INFO  ForkJoinPool.commonPool-worker-3 org.hibernate.engine.transaction.jta.platform.internal.JtaPlatformInitiator HHH000490: Using JtaPlatform implementation: [org.hibernate.engine.transaction.jta.platform.internal.NoJtaPlatform]
2020-05-31 15:56:22 INFO  ForkJoinPool.commonPool-worker-3 org.springframework.orm.jpa.LocalContainerEntityManagerFactoryBean Initialized JPA EntityManagerFactory for persistence unit 'default'
2020-05-31 15:56:22 INFO  ForkJoinPool.commonPool-worker-3 com.zaxxer.hikari.HikariDataSource HikariPool-1 - Starting...
2020-05-31 15:56:22 INFO  ForkJoinPool.commonPool-worker-3 org.springframework.scheduling.concurrent.ThreadPoolTaskExecutor Initializing ExecutorService 'applicationTaskExecutor'
2020-05-31 15:56:22 INFO  ForkJoinPool.commonPool-worker-3 org.apache.coyote.http11.Http11NioProtocol Starting ProtocolHandler ["https-jsse-nio-8080"]
2020-05-31 15:56:22 INFO  ForkJoinPool.commonPool-worker-3 org.springframework.boot.web.embedded.tomcat.TomcatWebServer Tomcat started on port(s): 8080 (https) with context path ''
2020-05-31 15:56:22 INFO  ForkJoinPool.commonPool-worker-3 org.springframework.boot.SpringApplication Started application in 3.53 seconds (JVM running for 5.415)
2020-05-31 16:04:54 INFO  ForkJoinPool.commonPool-worker-1 org.springframework.boot.SpringApplication Starting application on DESKTOP-1EA5E6Q with PID 14468 (started by 27848 in D:\java\compus_navigation)
2020-05-31 16:04:54 INFO  ForkJoinPool.commonPool-worker-1 org.springframework.boot.SpringApplication No active profile set, falling back to default profiles: default
2020-05-31 16:04:54 INFO  ForkJoinPool.commonPool-worker-1 org.springframework.boot.devtools.env.DevToolsPropertyDefaultsPostProcessor For additional web related logging consider setting the 'logging.level.web' property to 'DEBUG'
2020-05-31 16:04:55 INFO  ForkJoinPool.commonPool-worker-1 org.springframework.data.repository.config.RepositoryConfigurationDelegate Bootstrapping Spring Data JPA repositories in DEFAULT mode.
2020-05-31 16:04:55 INFO  ForkJoinPool.commonPool-worker-1 org.springframework.data.repository.config.RepositoryConfigurationDelegate Finished Spring Data repository scanning in 38ms. Found 2 JPA repository interfaces.
2020-05-31 16:04:55 INFO  ForkJoinPool.commonPool-worker-1 org.springframework.context.support.PostProcessorRegistrationDelegate$BeanPostProcessorChecker Bean 'org.springframework.transaction.annotation.ProxyTransactionManagementConfiguration' of type [org.springframework.transaction.annotation.ProxyTransactionManagementConfiguration] is not eligible for getting processed by all BeanPostProcessors (for example: not eligible for auto-proxying)
2020-05-31 16:04:55 INFO  ForkJoinPool.commonPool-worker-1 org.springframework.boot.web.embedded.tomcat.TomcatWebServer Tomcat initialized with port(s): 8080 (https)
2020-05-31 16:04:55 INFO  ForkJoinPool.commonPool-worker-1 org.apache.coyote.http11.Http11NioProtocol Initializing ProtocolHandler ["https-jsse-nio-8080"]
2020-05-31 16:04:55 INFO  ForkJoinPool.commonPool-worker-1 org.apache.catalina.core.StandardService Starting service [Tomcat]
2020-05-31 16:04:55 INFO  ForkJoinPool.commonPool-worker-1 org.apache.catalina.core.StandardEngine Starting Servlet engine: [Apache Tomcat/9.0.29]
2020-05-31 16:04:55 INFO  ForkJoinPool.commonPool-worker-1 org.apache.catalina.core.ContainerBase.[Tomcat].[localhost].[/] Initializing Spring embedded WebApplicationContext
2020-05-31 16:04:55 INFO  ForkJoinPool.commonPool-worker-1 org.springframework.web.context.ContextLoader Root WebApplicationContext: initialization completed in 905 ms
2020-05-31 16:04:55 INFO  ForkJoinPool.commonPool-worker-1 com.zaxxer.hikari.HikariDataSource HikariPool-1 - Starting...
2020-05-31 16:04:55 INFO  ForkJoinPool.commonPool-worker-1 org.hibernate.jpa.internal.util.LogHelper HHH000204: Processing PersistenceUnitInfo [name: default]
2020-05-31 16:04:55 INFO  ForkJoinPool.commonPool-worker-1 org.hibernate.Version HHH000412: Hibernate Core {5.4.9.Final}
2020-05-31 16:04:55 INFO  ForkJoinPool.commonPool-worker-1 org.hibernate.annotations.common.Version HCANN000001: Hibernate Commons Annotations {5.1.0.Final}
2020-05-31 16:04:55 INFO  ForkJoinPool.commonPool-worker-1 com.zaxxer.hikari.HikariDataSource HikariPool-1 - Starting...
2020-05-31 16:04:56 INFO  ForkJoinPool.commonPool-worker-1 org.hibernate.dialect.Dialect HHH000400: Using dialect: org.hibernate.dialect.MySQL5Dialect
2020-05-31 16:04:56 INFO  ForkJoinPool.commonPool-worker-1 org.hibernate.engine.transaction.jta.platform.internal.JtaPlatformInitiator HHH000490: Using JtaPlatform implementation: [org.hibernate.engine.transaction.jta.platform.internal.NoJtaPlatform]
2020-05-31 16:04:56 INFO  ForkJoinPool.commonPool-worker-1 org.springframework.orm.jpa.LocalContainerEntityManagerFactoryBean Initialized JPA EntityManagerFactory for persistence unit 'default'
2020-05-31 16:04:56 INFO  ForkJoinPool.commonPool-worker-1 com.zaxxer.hikari.HikariDataSource HikariPool-1 - Starting...
2020-05-31 16:04:56 INFO  ForkJoinPool.commonPool-worker-1 org.springframework.scheduling.concurrent.ThreadPoolTaskExecutor Initializing ExecutorService 'applicationTaskExecutor'
2020-05-31 16:04:57 INFO  ForkJoinPool.commonPool-worker-1 org.apache.coyote.http11.Http11NioProtocol Starting ProtocolHandler ["https-jsse-nio-8080"]
2020-05-31 16:04:58 INFO  ForkJoinPool.commonPool-worker-1 org.springframework.boot.web.embedded.tomcat.TomcatWebServer Tomcat started on port(s): 8080 (https) with context path ''
2020-05-31 16:04:58 INFO  ForkJoinPool.commonPool-worker-1 org.springframework.boot.SpringApplication Started application in 4.228 seconds (JVM running for 5.943)
2020-05-31 16:05:24 INFO  ForkJoinPool.commonPool-worker-1 org.springframework.boot.SpringApplication Starting application on DESKTOP-1EA5E6Q with PID 6692 (started by 27848 in D:\java\compus_navigation)
2020-05-31 16:05:24 INFO  ForkJoinPool.commonPool-worker-1 org.springframework.boot.SpringApplication No active profile set, falling back to default profiles: default
2020-05-31 16:05:24 INFO  ForkJoinPool.commonPool-worker-1 org.springframework.boot.devtools.env.DevToolsPropertyDefaultsPostProcessor For additional web related logging consider setting the 'logging.level.web' property to 'DEBUG'
2020-05-31 16:05:24 INFO  ForkJoinPool.commonPool-worker-1 org.springframework.data.repository.config.RepositoryConfigurationDelegate Bootstrapping Spring Data JPA repositories in DEFAULT mode.
2020-05-31 16:05:24 INFO  ForkJoinPool.commonPool-worker-1 org.springframework.data.repository.config.RepositoryConfigurationDelegate Finished Spring Data repository scanning in 38ms. Found 2 JPA repository interfaces.
2020-05-31 16:05:24 INFO  ForkJoinPool.commonPool-worker-1 org.springframework.context.support.PostProcessorRegistrationDelegate$BeanPostProcessorChecker Bean 'org.springframework.transaction.annotation.ProxyTransactionManagementConfiguration' of type [org.springframework.transaction.annotation.ProxyTransactionManagementConfiguration] is not eligible for getting processed by all BeanPostProcessors (for example: not eligible for auto-proxying)
2020-05-31 16:05:25 INFO  ForkJoinPool.commonPool-worker-1 org.springframework.boot.web.embedded.tomcat.TomcatWebServer Tomcat initialized with port(s): 8080 (https)
2020-05-31 16:05:25 INFO  ForkJoinPool.commonPool-worker-1 org.apache.coyote.http11.Http11NioProtocol Initializing ProtocolHandler ["https-jsse-nio-8080"]
2020-05-31 16:05:25 INFO  ForkJoinPool.commonPool-worker-1 org.apache.catalina.core.StandardService Starting service [Tomcat]
2020-05-31 16:05:25 INFO  ForkJoinPool.commonPool-worker-1 org.apache.catalina.core.StandardEngine Starting Servlet engine: [Apache Tomcat/9.0.29]
2020-05-31 16:05:25 INFO  ForkJoinPool.commonPool-worker-1 org.apache.catalina.core.ContainerBase.[Tomcat].[localhost].[/] Initializing Spring embedded WebApplicationContext
2020-05-31 16:05:25 INFO  ForkJoinPool.commonPool-worker-1 org.springframework.web.context.ContextLoader Root WebApplicationContext: initialization completed in 907 ms
2020-05-31 16:05:25 INFO  ForkJoinPool.commonPool-worker-1 com.zaxxer.hikari.HikariDataSource HikariPool-1 - Starting...
2020-05-31 16:05:25 INFO  ForkJoinPool.commonPool-worker-1 org.hibernate.jpa.internal.util.LogHelper HHH000204: Processing PersistenceUnitInfo [name: default]
2020-05-31 16:05:25 INFO  ForkJoinPool.commonPool-worker-1 org.hibernate.Version HHH000412: Hibernate Core {5.4.9.Final}
2020-05-31 16:05:25 INFO  ForkJoinPool.commonPool-worker-1 org.hibernate.annotations.common.Version HCANN000001: Hibernate Commons Annotations {5.1.0.Final}
2020-05-31 16:05:25 INFO  ForkJoinPool.commonPool-worker-1 com.zaxxer.hikari.HikariDataSource HikariPool-1 - Starting...
2020-05-31 16:05:25 INFO  ForkJoinPool.commonPool-worker-1 org.hibernate.dialect.Dialect HHH000400: Using dialect: org.hibernate.dialect.MySQL5Dialect
2020-05-31 16:05:25 INFO  ForkJoinPool.commonPool-worker-1 org.hibernate.engine.transaction.jta.platform.internal.JtaPlatformInitiator HHH000490: Using JtaPlatform implementation: [org.hibernate.engine.transaction.jta.platform.internal.NoJtaPlatform]
2020-05-31 16:05:25 INFO  ForkJoinPool.commonPool-worker-1 org.springframework.orm.jpa.LocalContainerEntityManagerFactoryBean Initialized JPA EntityManagerFactory for persistence unit 'default'
2020-05-31 16:05:25 INFO  ForkJoinPool.commonPool-worker-1 com.zaxxer.hikari.HikariDataSource HikariPool-1 - Starting...
2020-05-31 16:05:26 INFO  ForkJoinPool.commonPool-worker-1 org.springframework.scheduling.concurrent.ThreadPoolTaskExecutor Initializing ExecutorService 'applicationTaskExecutor'
2020-05-31 16:05:26 INFO  ForkJoinPool.commonPool-worker-1 org.apache.coyote.http11.Http11NioProtocol Starting ProtocolHandler ["https-jsse-nio-8080"]
2020-05-31 16:05:27 INFO  ForkJoinPool.commonPool-worker-1 org.springframework.boot.web.embedded.tomcat.TomcatWebServer Tomcat started on port(s): 8080 (https) with context path ''
2020-05-31 16:05:27 INFO  ForkJoinPool.commonPool-worker-1 org.springframework.boot.SpringApplication Started application in 3.867 seconds (JVM running for 5.535)
2020-05-31 16:05:29 INFO  JavaFX Application Thread org.springframework.scheduling.concurrent.ThreadPoolTaskExecutor Shutting down ExecutorService 'applicationTaskExecutor'
2020-05-31 16:05:29 INFO  JavaFX Application Thread org.springframework.orm.jpa.LocalContainerEntityManagerFactoryBean Closing JPA EntityManagerFactory for persistence unit 'default'
2020-05-31 16:11:47 INFO  ForkJoinPool.commonPool-worker-1 org.springframework.boot.SpringApplication Starting application on DESKTOP-1EA5E6Q with PID 15896 (started by 27848 in D:\java\compus_navigation)
2020-05-31 16:11:47 INFO  ForkJoinPool.commonPool-worker-1 org.springframework.boot.SpringApplication No active profile set, falling back to default profiles: default
2020-05-31 16:11:47 INFO  ForkJoinPool.commonPool-worker-1 org.springframework.boot.devtools.env.DevToolsPropertyDefaultsPostProcessor For additional web related logging consider setting the 'logging.level.web' property to 'DEBUG'
2020-05-31 16:11:48 INFO  ForkJoinPool.commonPool-worker-1 org.springframework.data.repository.config.RepositoryConfigurationDelegate Bootstrapping Spring Data JPA repositories in DEFAULT mode.
2020-05-31 16:11:48 INFO  ForkJoinPool.commonPool-worker-1 org.springframework.data.repository.config.RepositoryConfigurationDelegate Finished Spring Data repository scanning in 48ms. Found 2 JPA repository interfaces.
2020-05-31 16:11:48 INFO  ForkJoinPool.commonPool-worker-1 org.springframework.context.support.PostProcessorRegistrationDelegate$BeanPostProcessorChecker Bean 'org.springframework.transaction.annotation.ProxyTransactionManagementConfiguration' of type [org.springframework.transaction.annotation.ProxyTransactionManagementConfiguration] is not eligible for getting processed by all BeanPostProcessors (for example: not eligible for auto-proxying)
2020-05-31 16:11:48 INFO  ForkJoinPool.commonPool-worker-1 org.springframework.boot.web.embedded.tomcat.TomcatWebServer Tomcat initialized with port(s): 8080 (https)
2020-05-31 16:11:48 INFO  ForkJoinPool.commonPool-worker-1 org.apache.coyote.http11.Http11NioProtocol Initializing ProtocolHandler ["https-jsse-nio-8080"]
2020-05-31 16:11:48 INFO  ForkJoinPool.commonPool-worker-1 org.apache.catalina.core.StandardService Starting service [Tomcat]
2020-05-31 16:11:48 INFO  ForkJoinPool.commonPool-worker-1 org.apache.catalina.core.StandardEngine Starting Servlet engine: [Apache Tomcat/9.0.29]
2020-05-31 16:11:48 INFO  ForkJoinPool.commonPool-worker-1 org.apache.catalina.core.ContainerBase.[Tomcat].[localhost].[/] Initializing Spring embedded WebApplicationContext
2020-05-31 16:11:48 INFO  ForkJoinPool.commonPool-worker-1 org.springframework.web.context.ContextLoader Root WebApplicationContext: initialization completed in 894 ms
2020-05-31 16:11:48 INFO  ForkJoinPool.commonPool-worker-1 com.zaxxer.hikari.HikariDataSource HikariPool-1 - Starting...
2020-05-31 16:11:49 INFO  ForkJoinPool.commonPool-worker-1 org.hibernate.jpa.internal.util.LogHelper HHH000204: Processing PersistenceUnitInfo [name: default]
2020-05-31 16:11:49 INFO  ForkJoinPool.commonPool-worker-1 org.hibernate.Version HHH000412: Hibernate Core {5.4.9.Final}
2020-05-31 16:11:49 INFO  ForkJoinPool.commonPool-worker-1 org.hibernate.annotations.common.Version HCANN000001: Hibernate Commons Annotations {5.1.0.Final}
2020-05-31 16:11:49 INFO  ForkJoinPool.commonPool-worker-1 com.zaxxer.hikari.HikariDataSource HikariPool-1 - Starting...
2020-05-31 16:11:49 INFO  ForkJoinPool.commonPool-worker-1 org.hibernate.dialect.Dialect HHH000400: Using dialect: org.hibernate.dialect.MySQL5Dialect
2020-05-31 16:11:49 INFO  ForkJoinPool.commonPool-worker-1 org.hibernate.engine.transaction.jta.platform.internal.JtaPlatformInitiator HHH000490: Using JtaPlatform implementation: [org.hibernate.engine.transaction.jta.platform.internal.NoJtaPlatform]
2020-05-31 16:11:49 INFO  ForkJoinPool.commonPool-worker-1 org.springframework.orm.jpa.LocalContainerEntityManagerFactoryBean Initialized JPA EntityManagerFactory for persistence unit 'default'
2020-05-31 16:11:49 INFO  ForkJoinPool.commonPool-worker-1 com.zaxxer.hikari.HikariDataSource HikariPool-1 - Starting...
2020-05-31 16:11:50 INFO  ForkJoinPool.commonPool-worker-1 org.springframework.scheduling.concurrent.ThreadPoolTaskExecutor Initializing ExecutorService 'applicationTaskExecutor'
2020-05-31 16:11:50 INFO  ForkJoinPool.commonPool-worker-1 org.apache.coyote.http11.Http11NioProtocol Starting ProtocolHandler ["https-jsse-nio-8080"]
2020-05-31 16:11:51 INFO  ForkJoinPool.commonPool-worker-1 org.springframework.boot.web.embedded.tomcat.TomcatWebServer Tomcat started on port(s): 8080 (https) with context path ''
2020-05-31 16:11:51 INFO  ForkJoinPool.commonPool-worker-1 org.springframework.boot.SpringApplication Started application in 4.259 seconds (JVM running for 6.078)
2020-05-31 16:11:51 INFO  JavaFX Application Thread org.springframework.scheduling.concurrent.ThreadPoolTaskExecutor Shutting down ExecutorService 'applicationTaskExecutor'
2020-05-31 16:11:51 INFO  JavaFX Application Thread org.springframework.orm.jpa.LocalContainerEntityManagerFactoryBean Closing JPA EntityManagerFactory for persistence unit 'default'
2020-05-31 16:14:22 INFO  ForkJoinPool.commonPool-worker-1 org.springframework.boot.SpringApplication Starting application on DESKTOP-1EA5E6Q with PID 8984 (started by 27848 in D:\java\compus_navigation)
2020-05-31 16:14:22 INFO  ForkJoinPool.commonPool-worker-1 org.springframework.boot.SpringApplication No active profile set, falling back to default profiles: default
2020-05-31 16:14:22 INFO  ForkJoinPool.commonPool-worker-1 org.springframework.boot.devtools.env.DevToolsPropertyDefaultsPostProcessor For additional web related logging consider setting the 'logging.level.web' property to 'DEBUG'
2020-05-31 16:14:23 INFO  ForkJoinPool.commonPool-worker-1 org.springframework.data.repository.config.RepositoryConfigurationDelegate Bootstrapping Spring Data JPA repositories in DEFAULT mode.
2020-05-31 16:14:23 INFO  ForkJoinPool.commonPool-worker-1 org.springframework.data.repository.config.RepositoryConfigurationDelegate Finished Spring Data repository scanning in 41ms. Found 2 JPA repository interfaces.
2020-05-31 16:14:23 INFO  ForkJoinPool.commonPool-worker-1 org.springframework.context.support.PostProcessorRegistrationDelegate$BeanPostProcessorChecker Bean 'org.springframework.transaction.annotation.ProxyTransactionManagementConfiguration' of type [org.springframework.transaction.annotation.ProxyTransactionManagementConfiguration] is not eligible for getting processed by all BeanPostProcessors (for example: not eligible for auto-proxying)
2020-05-31 16:14:23 INFO  ForkJoinPool.commonPool-worker-1 org.springframework.boot.web.embedded.tomcat.TomcatWebServer Tomcat initialized with port(s): 8080 (https)
2020-05-31 16:14:23 INFO  ForkJoinPool.commonPool-worker-1 org.apache.coyote.http11.Http11NioProtocol Initializing ProtocolHandler ["https-jsse-nio-8080"]
2020-05-31 16:14:23 INFO  ForkJoinPool.commonPool-worker-1 org.apache.catalina.core.StandardService Starting service [Tomcat]
2020-05-31 16:14:23 INFO  ForkJoinPool.commonPool-worker-1 org.apache.catalina.core.StandardEngine Starting Servlet engine: [Apache Tomcat/9.0.29]
2020-05-31 16:14:23 INFO  ForkJoinPool.commonPool-worker-1 org.apache.catalina.core.ContainerBase.[Tomcat].[localhost].[/] Initializing Spring embedded WebApplicationContext
2020-05-31 16:14:23 INFO  ForkJoinPool.commonPool-worker-1 org.springframework.web.context.ContextLoader Root WebApplicationContext: initialization completed in 927 ms
2020-05-31 16:14:23 INFO  ForkJoinPool.commonPool-worker-1 com.zaxxer.hikari.HikariDataSource HikariPool-1 - Starting...
2020-05-31 16:14:23 INFO  ForkJoinPool.commonPool-worker-1 org.hibernate.jpa.internal.util.LogHelper HHH000204: Processing PersistenceUnitInfo [name: default]
2020-05-31 16:14:23 INFO  ForkJoinPool.commonPool-worker-1 org.hibernate.Version HHH000412: Hibernate Core {5.4.9.Final}
2020-05-31 16:14:24 INFO  ForkJoinPool.commonPool-worker-1 org.hibernate.annotations.common.Version HCANN000001: Hibernate Commons Annotations {5.1.0.Final}
2020-05-31 16:14:24 INFO  ForkJoinPool.commonPool-worker-1 com.zaxxer.hikari.HikariDataSource HikariPool-1 - Starting...
2020-05-31 16:14:24 INFO  ForkJoinPool.commonPool-worker-1 org.hibernate.dialect.Dialect HHH000400: Using dialect: org.hibernate.dialect.MySQL5Dialect
2020-05-31 16:15:49 INFO  ForkJoinPool.commonPool-worker-1 org.springframework.boot.SpringApplication Starting application on DESKTOP-1EA5E6Q with PID 15824 (started by 27848 in D:\java\compus_navigation)
2020-05-31 16:15:49 INFO  ForkJoinPool.commonPool-worker-1 org.springframework.boot.SpringApplication No active profile set, falling back to default profiles: default
2020-05-31 16:15:49 INFO  ForkJoinPool.commonPool-worker-1 org.springframework.boot.devtools.env.DevToolsPropertyDefaultsPostProcessor For additional web related logging consider setting the 'logging.level.web' property to 'DEBUG'
2020-05-31 16:15:49 INFO  ForkJoinPool.commonPool-worker-1 org.springframework.data.repository.config.RepositoryConfigurationDelegate Bootstrapping Spring Data JPA repositories in DEFAULT mode.
2020-05-31 16:15:49 INFO  ForkJoinPool.commonPool-worker-1 org.springframework.data.repository.config.RepositoryConfigurationDelegate Finished Spring Data repository scanning in 40ms. Found 2 JPA repository interfaces.
2020-05-31 16:15:50 INFO  ForkJoinPool.commonPool-worker-1 org.springframework.context.support.PostProcessorRegistrationDelegate$BeanPostProcessorChecker Bean 'org.springframework.transaction.annotation.ProxyTransactionManagementConfiguration' of type [org.springframework.transaction.annotation.ProxyTransactionManagementConfiguration] is not eligible for getting processed by all BeanPostProcessors (for example: not eligible for auto-proxying)
2020-05-31 16:15:50 INFO  ForkJoinPool.commonPool-worker-1 org.springframework.boot.web.embedded.tomcat.TomcatWebServer Tomcat initialized with port(s): 8080 (https)
2020-05-31 16:15:50 INFO  ForkJoinPool.commonPool-worker-1 org.apache.coyote.http11.Http11NioProtocol Initializing ProtocolHandler ["https-jsse-nio-8080"]
2020-05-31 16:15:50 INFO  ForkJoinPool.commonPool-worker-1 org.apache.catalina.core.StandardService Starting service [Tomcat]
2020-05-31 16:15:50 INFO  ForkJoinPool.commonPool-worker-1 org.apache.catalina.core.StandardEngine Starting Servlet engine: [Apache Tomcat/9.0.29]
2020-05-31 16:15:50 INFO  ForkJoinPool.commonPool-worker-1 org.apache.catalina.core.ContainerBase.[Tomcat].[localhost].[/] Initializing Spring embedded WebApplicationContext
2020-05-31 16:15:50 INFO  ForkJoinPool.commonPool-worker-1 org.springframework.web.context.ContextLoader Root WebApplicationContext: initialization completed in 882 ms
2020-05-31 16:15:50 INFO  ForkJoinPool.commonPool-worker-1 com.zaxxer.hikari.HikariDataSource HikariPool-1 - Starting...
2020-05-31 16:15:50 INFO  ForkJoinPool.commonPool-worker-1 org.hibernate.jpa.internal.util.LogHelper HHH000204: Processing PersistenceUnitInfo [name: default]
2020-05-31 16:15:50 INFO  ForkJoinPool.commonPool-worker-1 org.hibernate.Version HHH000412: Hibernate Core {5.4.9.Final}
2020-05-31 16:15:50 INFO  ForkJoinPool.commonPool-worker-1 org.hibernate.annotations.common.Version HCANN000001: Hibernate Commons Annotations {5.1.0.Final}
2020-05-31 16:15:50 INFO  ForkJoinPool.commonPool-worker-1 com.zaxxer.hikari.HikariDataSource HikariPool-1 - Starting...
2020-05-31 16:15:50 INFO  ForkJoinPool.commonPool-worker-1 org.hibernate.dialect.Dialect HHH000400: Using dialect: org.hibernate.dialect.MySQL5Dialect
2020-05-31 16:15:51 INFO  ForkJoinPool.commonPool-worker-1 org.hibernate.engine.transaction.jta.platform.internal.JtaPlatformInitiator HHH000490: Using JtaPlatform implementation: [org.hibernate.engine.transaction.jta.platform.internal.NoJtaPlatform]
2020-05-31 16:15:51 INFO  ForkJoinPool.commonPool-worker-1 org.springframework.orm.jpa.LocalContainerEntityManagerFactoryBean Initialized JPA EntityManagerFactory for persistence unit 'default'
2020-05-31 16:15:51 INFO  ForkJoinPool.commonPool-worker-1 com.zaxxer.hikari.HikariDataSource HikariPool-1 - Starting...
2020-05-31 16:15:51 INFO  ForkJoinPool.commonPool-worker-1 org.springframework.scheduling.concurrent.ThreadPoolTaskExecutor Initializing ExecutorService 'applicationTaskExecutor'
2020-05-31 16:15:51 INFO  ForkJoinPool.commonPool-worker-1 org.apache.coyote.http11.Http11NioProtocol Starting ProtocolHandler ["https-jsse-nio-8080"]
2020-05-31 16:15:52 INFO  ForkJoinPool.commonPool-worker-1 org.springframework.boot.web.embedded.tomcat.TomcatWebServer Tomcat started on port(s): 8080 (https) with context path ''
2020-05-31 16:15:52 INFO  ForkJoinPool.commonPool-worker-1 org.springframework.boot.SpringApplication Started application in 4.117 seconds (JVM running for 5.858)
2020-05-31 16:17:35 INFO  ForkJoinPool.commonPool-worker-1 org.springframework.boot.SpringApplication Starting application on DESKTOP-1EA5E6Q with PID 4960 (started by 27848 in D:\java\compus_navigation)
2020-05-31 16:17:35 INFO  ForkJoinPool.commonPool-worker-1 org.springframework.boot.SpringApplication No active profile set, falling back to default profiles: default
2020-05-31 16:17:35 INFO  ForkJoinPool.commonPool-worker-1 org.springframework.boot.devtools.env.DevToolsPropertyDefaultsPostProcessor For additional web related logging consider setting the 'logging.level.web' property to 'DEBUG'
2020-05-31 16:17:35 INFO  ForkJoinPool.commonPool-worker-1 org.springframework.data.repository.config.RepositoryConfigurationDelegate Bootstrapping Spring Data JPA repositories in DEFAULT mode.
2020-05-31 16:17:35 INFO  ForkJoinPool.commonPool-worker-1 org.springframework.data.repository.config.RepositoryConfigurationDelegate Finished Spring Data repository scanning in 72ms. Found 2 JPA repository interfaces.
2020-05-31 16:17:36 INFO  ForkJoinPool.commonPool-worker-1 org.springframework.context.support.PostProcessorRegistrationDelegate$BeanPostProcessorChecker Bean 'org.springframework.transaction.annotation.ProxyTransactionManagementConfiguration' of type [org.springframework.transaction.annotation.ProxyTransactionManagementConfiguration] is not eligible for getting processed by all BeanPostProcessors (for example: not eligible for auto-proxying)
2020-05-31 16:17:36 INFO  ForkJoinPool.commonPool-worker-1 org.springframework.boot.web.embedded.tomcat.TomcatWebServer Tomcat initialized with port(s): 8080 (https)
2020-05-31 16:17:36 INFO  ForkJoinPool.commonPool-worker-1 org.apache.coyote.http11.Http11NioProtocol Initializing ProtocolHandler ["https-jsse-nio-8080"]
2020-05-31 16:17:36 INFO  ForkJoinPool.commonPool-worker-1 org.apache.catalina.core.StandardService Starting service [Tomcat]
2020-05-31 16:17:36 INFO  ForkJoinPool.commonPool-worker-1 org.apache.catalina.core.StandardEngine Starting Servlet engine: [Apache Tomcat/9.0.29]
2020-05-31 16:17:36 INFO  ForkJoinPool.commonPool-worker-1 org.apache.catalina.core.ContainerBase.[Tomcat].[localhost].[/] Initializing Spring embedded WebApplicationContext
2020-05-31 16:17:36 INFO  ForkJoinPool.commonPool-worker-1 org.springframework.web.context.ContextLoader Root WebApplicationContext: initialization completed in 1159 ms
2020-05-31 16:17:36 INFO  ForkJoinPool.commonPool-worker-1 com.zaxxer.hikari.HikariDataSource HikariPool-1 - Starting...
2020-05-31 16:17:36 INFO  ForkJoinPool.commonPool-worker-1 org.hibernate.jpa.internal.util.LogHelper HHH000204: Processing PersistenceUnitInfo [name: default]
2020-05-31 16:17:36 INFO  ForkJoinPool.commonPool-worker-1 org.hibernate.Version HHH000412: Hibernate Core {5.4.9.Final}
2020-05-31 16:17:36 INFO  ForkJoinPool.commonPool-worker-1 org.hibernate.annotations.common.Version HCANN000001: Hibernate Commons Annotations {5.1.0.Final}
2020-05-31 16:17:37 INFO  ForkJoinPool.commonPool-worker-1 com.zaxxer.hikari.HikariDataSource HikariPool-1 - Starting...
2020-05-31 16:17:37 INFO  ForkJoinPool.commonPool-worker-1 org.hibernate.dialect.Dialect HHH000400: Using dialect: org.hibernate.dialect.MySQL5Dialect
2020-05-31 16:17:37 INFO  ForkJoinPool.commonPool-worker-1 org.hibernate.engine.transaction.jta.platform.internal.JtaPlatformInitiator HHH000490: Using JtaPlatform implementation: [org.hibernate.engine.transaction.jta.platform.internal.NoJtaPlatform]
2020-05-31 16:17:37 INFO  ForkJoinPool.commonPool-worker-1 org.springframework.orm.jpa.LocalContainerEntityManagerFactoryBean Initialized JPA EntityManagerFactory for persistence unit 'default'
2020-05-31 16:17:37 INFO  ForkJoinPool.commonPool-worker-1 com.zaxxer.hikari.HikariDataSource HikariPool-1 - Starting...
2020-05-31 16:17:37 INFO  ForkJoinPool.commonPool-worker-1 org.springframework.scheduling.concurrent.ThreadPoolTaskExecutor Initializing ExecutorService 'applicationTaskExecutor'
2020-05-31 16:17:38 INFO  ForkJoinPool.commonPool-worker-1 org.apache.coyote.http11.Http11NioProtocol Starting ProtocolHandler ["https-jsse-nio-8080"]
2020-05-31 16:17:39 INFO  ForkJoinPool.commonPool-worker-1 org.springframework.boot.web.embedded.tomcat.TomcatWebServer Tomcat started on port(s): 8080 (https) with context path ''
2020-05-31 16:17:39 INFO  ForkJoinPool.commonPool-worker-1 org.springframework.boot.SpringApplication Started application in 4.442 seconds (JVM running for 6.225)
2020-05-31 16:17:41 INFO  JavaFX Application Thread org.springframework.scheduling.concurrent.ThreadPoolTaskExecutor Shutting down ExecutorService 'applicationTaskExecutor'
2020-05-31 16:17:41 INFO  JavaFX Application Thread org.springframework.orm.jpa.LocalContainerEntityManagerFactoryBean Closing JPA EntityManagerFactory for persistence unit 'default'
