2020-05-26 01:20:44 INFO  ForkJoinPool.commonPool-worker-3 org.springframework.boot.SpringApplication Starting application on DESKTOP-1EA5E6Q with PID 10832 (started by 27848 in D:\java\compus_navigation)
2020-05-26 01:20:44 INFO  ForkJoinPool.commonPool-worker-3 org.springframework.boot.SpringApplication No active profile set, falling back to default profiles: default
2020-05-26 01:20:44 INFO  ForkJoinPool.commonPool-worker-3 org.springframework.boot.devtools.env.DevToolsPropertyDefaultsPostProcessor For additional web related logging consider setting the 'logging.level.web' property to 'DEBUG'
2020-05-26 01:20:45 INFO  ForkJoinPool.commonPool-worker-3 org.springframework.data.repository.config.RepositoryConfigurationDelegate Bootstrapping Spring Data JPA repositories in DEFAULT mode.
2020-05-26 01:20:45 INFO  ForkJoinPool.commonPool-worker-3 org.springframework.data.repository.config.RepositoryConfigurationDelegate Finished Spring Data repository scanning in 35ms. Found 2 JPA repository interfaces.
2020-05-26 01:20:45 INFO  ForkJoinPool.commonPool-worker-3 org.springframework.context.support.PostProcessorRegistrationDelegate$BeanPostProcessorChecker Bean 'org.springframework.transaction.annotation.ProxyTransactionManagementConfiguration' of type [org.springframework.transaction.annotation.ProxyTransactionManagementConfiguration] is not eligible for getting processed by all BeanPostProcessors (for example: not eligible for auto-proxying)
2020-05-26 01:20:45 INFO  ForkJoinPool.commonPool-worker-3 org.springframework.boot.web.embedded.tomcat.TomcatWebServer Tomcat initialized with port(s): 8080 (https)
2020-05-26 01:20:45 INFO  ForkJoinPool.commonPool-worker-3 org.apache.coyote.http11.Http11NioProtocol Initializing ProtocolHandler ["https-jsse-nio-8080"]
2020-05-26 01:20:45 INFO  ForkJoinPool.commonPool-worker-3 org.apache.catalina.core.StandardService Starting service [Tomcat]
2020-05-26 01:20:45 INFO  ForkJoinPool.commonPool-worker-3 org.apache.catalina.core.StandardEngine Starting Servlet engine: [Apache Tomcat/9.0.29]
2020-05-26 01:20:45 INFO  ForkJoinPool.commonPool-worker-3 org.apache.catalina.core.ContainerBase.[Tomcat].[localhost].[/] Initializing Spring embedded WebApplicationContext
2020-05-26 01:20:45 INFO  ForkJoinPool.commonPool-worker-3 org.springframework.web.context.ContextLoader Root WebApplicationContext: initialization completed in 754 ms
2020-05-26 01:20:45 INFO  ForkJoinPool.commonPool-worker-3 com.zaxxer.hikari.HikariDataSource HikariPool-1 - Starting...
2020-05-26 01:20:46 INFO  ForkJoinPool.commonPool-worker-3 com.zaxxer.hikari.HikariDataSource HikariPool-1 - Start completed.
2020-05-26 01:20:46 INFO  ForkJoinPool.commonPool-worker-3 org.hibernate.jpa.internal.util.LogHelper HHH000204: Processing PersistenceUnitInfo [name: default]
2020-05-26 01:20:46 INFO  ForkJoinPool.commonPool-worker-3 org.hibernate.Version HHH000412: Hibernate Core {5.4.9.Final}
2020-05-26 01:20:46 INFO  ForkJoinPool.commonPool-worker-3 org.hibernate.annotations.common.Version HCANN000001: Hibernate Commons Annotations {5.1.0.Final}
2020-05-26 01:20:46 INFO  ForkJoinPool.commonPool-worker-3 org.hibernate.dialect.Dialect HHH000400: Using dialect: org.hibernate.dialect.MySQL5Dialect
2020-05-26 01:20:46 INFO  ForkJoinPool.commonPool-worker-3 org.hibernate.engine.transaction.jta.platform.internal.JtaPlatformInitiator HHH000490: Using JtaPlatform implementation: [org.hibernate.engine.transaction.jta.platform.internal.NoJtaPlatform]
2020-05-26 01:20:46 INFO  ForkJoinPool.commonPool-worker-3 org.springframework.orm.jpa.LocalContainerEntityManagerFactoryBean Initialized JPA EntityManagerFactory for persistence unit 'default'
2020-05-26 01:20:46 INFO  ForkJoinPool.commonPool-worker-3 org.springframework.scheduling.concurrent.ThreadPoolTaskExecutor Initializing ExecutorService 'applicationTaskExecutor'
2020-05-26 01:20:46 INFO  ForkJoinPool.commonPool-worker-3 org.apache.coyote.http11.Http11NioProtocol Starting ProtocolHandler ["https-jsse-nio-8080"]
2020-05-26 01:20:46 INFO  ForkJoinPool.commonPool-worker-3 org.springframework.boot.web.embedded.tomcat.TomcatWebServer Tomcat started on port(s): 8080 (https) with context path ''
2020-05-26 01:20:46 INFO  ForkJoinPool.commonPool-worker-3 org.springframework.boot.SpringApplication Started application in 2.472 seconds (JVM running for 4.02)
2020-05-26 01:20:53 INFO  JavaFX Application Thread org.springframework.scheduling.concurrent.ThreadPoolTaskExecutor Shutting down ExecutorService 'applicationTaskExecutor'
2020-05-26 01:20:53 INFO  JavaFX Application Thread org.springframework.orm.jpa.LocalContainerEntityManagerFactoryBean Closing JPA EntityManagerFactory for persistence unit 'default'
2020-05-26 01:20:53 INFO  JavaFX Application Thread com.zaxxer.hikari.HikariDataSource HikariPool-1 - Shutdown initiated...
2020-05-26 01:20:53 INFO  JavaFX Application Thread com.zaxxer.hikari.HikariDataSource HikariPool-1 - Shutdown completed.
2020-05-26 01:22:48 INFO  ForkJoinPool.commonPool-worker-3 org.springframework.boot.SpringApplication Starting application on DESKTOP-1EA5E6Q with PID 17596 (started by 27848 in D:\java\compus_navigation)
2020-05-26 01:22:48 INFO  ForkJoinPool.commonPool-worker-3 org.springframework.boot.SpringApplication No active profile set, falling back to default profiles: default
2020-05-26 01:22:48 INFO  ForkJoinPool.commonPool-worker-3 org.springframework.boot.devtools.env.DevToolsPropertyDefaultsPostProcessor For additional web related logging consider setting the 'logging.level.web' property to 'DEBUG'
2020-05-26 01:22:48 INFO  ForkJoinPool.commonPool-worker-3 org.springframework.data.repository.config.RepositoryConfigurationDelegate Bootstrapping Spring Data JPA repositories in DEFAULT mode.
2020-05-26 01:22:48 INFO  ForkJoinPool.commonPool-worker-3 org.springframework.data.repository.config.RepositoryConfigurationDelegate Finished Spring Data repository scanning in 35ms. Found 2 JPA repository interfaces.
2020-05-26 01:22:48 INFO  ForkJoinPool.commonPool-worker-3 org.springframework.context.support.PostProcessorRegistrationDelegate$BeanPostProcessorChecker Bean 'org.springframework.transaction.annotation.ProxyTransactionManagementConfiguration' of type [org.springframework.transaction.annotation.ProxyTransactionManagementConfiguration] is not eligible for getting processed by all BeanPostProcessors (for example: not eligible for auto-proxying)
2020-05-26 01:22:49 INFO  ForkJoinPool.commonPool-worker-3 org.springframework.boot.web.embedded.tomcat.TomcatWebServer Tomcat initialized with port(s): 8080 (https)
2020-05-26 01:22:49 INFO  ForkJoinPool.commonPool-worker-3 org.apache.coyote.http11.Http11NioProtocol Initializing ProtocolHandler ["https-jsse-nio-8080"]
2020-05-26 01:22:49 INFO  ForkJoinPool.commonPool-worker-3 org.apache.catalina.core.StandardService Starting service [Tomcat]
2020-05-26 01:22:49 INFO  ForkJoinPool.commonPool-worker-3 org.apache.catalina.core.StandardEngine Starting Servlet engine: [Apache Tomcat/9.0.29]
2020-05-26 01:22:49 INFO  ForkJoinPool.commonPool-worker-3 org.apache.catalina.core.ContainerBase.[Tomcat].[localhost].[/] Initializing Spring embedded WebApplicationContext
2020-05-26 01:22:49 INFO  ForkJoinPool.commonPool-worker-3 org.springframework.web.context.ContextLoader Root WebApplicationContext: initialization completed in 745 ms
2020-05-26 01:22:49 INFO  ForkJoinPool.commonPool-worker-3 com.zaxxer.hikari.HikariDataSource HikariPool-1 - Starting...
2020-05-26 01:22:49 INFO  ForkJoinPool.commonPool-worker-3 com.zaxxer.hikari.HikariDataSource HikariPool-1 - Start completed.
2020-05-26 01:22:49 INFO  ForkJoinPool.commonPool-worker-3 org.hibernate.jpa.internal.util.LogHelper HHH000204: Processing PersistenceUnitInfo [name: default]
2020-05-26 01:22:49 INFO  ForkJoinPool.commonPool-worker-3 org.hibernate.Version HHH000412: Hibernate Core {5.4.9.Final}
2020-05-26 01:22:49 INFO  ForkJoinPool.commonPool-worker-3 org.hibernate.annotations.common.Version HCANN000001: Hibernate Commons Annotations {5.1.0.Final}
2020-05-26 01:22:49 INFO  ForkJoinPool.commonPool-worker-3 org.hibernate.dialect.Dialect HHH000400: Using dialect: org.hibernate.dialect.MySQL5Dialect
2020-05-26 01:22:50 INFO  ForkJoinPool.commonPool-worker-3 org.hibernate.engine.transaction.jta.platform.internal.JtaPlatformInitiator HHH000490: Using JtaPlatform implementation: [org.hibernate.engine.transaction.jta.platform.internal.NoJtaPlatform]
2020-05-26 01:22:50 INFO  ForkJoinPool.commonPool-worker-3 org.springframework.orm.jpa.LocalContainerEntityManagerFactoryBean Initialized JPA EntityManagerFactory for persistence unit 'default'
2020-05-26 01:22:50 INFO  ForkJoinPool.commonPool-worker-3 org.springframework.scheduling.concurrent.ThreadPoolTaskExecutor Initializing ExecutorService 'applicationTaskExecutor'
2020-05-26 01:22:50 INFO  ForkJoinPool.commonPool-worker-3 org.apache.coyote.http11.Http11NioProtocol Starting ProtocolHandler ["https-jsse-nio-8080"]
2020-05-26 01:22:50 INFO  ForkJoinPool.commonPool-worker-3 org.springframework.boot.web.embedded.tomcat.TomcatWebServer Tomcat started on port(s): 8080 (https) with context path ''
2020-05-26 01:22:50 INFO  ForkJoinPool.commonPool-worker-3 org.springframework.boot.SpringApplication Started application in 2.514 seconds (JVM running for 4.098)
2020-05-26 01:22:53 INFO  JavaFX Application Thread org.springframework.scheduling.concurrent.ThreadPoolTaskExecutor Shutting down ExecutorService 'applicationTaskExecutor'
2020-05-26 01:22:53 INFO  JavaFX Application Thread org.springframework.orm.jpa.LocalContainerEntityManagerFactoryBean Closing JPA EntityManagerFactory for persistence unit 'default'
2020-05-26 01:22:53 INFO  JavaFX Application Thread com.zaxxer.hikari.HikariDataSource HikariPool-1 - Shutdown initiated...
2020-05-26 01:22:53 INFO  JavaFX Application Thread com.zaxxer.hikari.HikariDataSource HikariPool-1 - Shutdown completed.
2020-05-26 01:23:37 INFO  ForkJoinPool.commonPool-worker-3 org.springframework.boot.SpringApplication Starting application on DESKTOP-1EA5E6Q with PID 17756 (started by 27848 in D:\java\compus_navigation)
2020-05-26 01:23:37 INFO  ForkJoinPool.commonPool-worker-3 org.springframework.boot.SpringApplication No active profile set, falling back to default profiles: default
2020-05-26 01:23:37 INFO  ForkJoinPool.commonPool-worker-3 org.springframework.boot.devtools.env.DevToolsPropertyDefaultsPostProcessor For additional web related logging consider setting the 'logging.level.web' property to 'DEBUG'
2020-05-26 01:23:37 INFO  ForkJoinPool.commonPool-worker-3 org.springframework.data.repository.config.RepositoryConfigurationDelegate Bootstrapping Spring Data JPA repositories in DEFAULT mode.
2020-05-26 01:23:37 INFO  ForkJoinPool.commonPool-worker-3 org.springframework.data.repository.config.RepositoryConfigurationDelegate Finished Spring Data repository scanning in 35ms. Found 2 JPA repository interfaces.
2020-05-26 01:23:37 INFO  ForkJoinPool.commonPool-worker-3 org.springframework.context.support.PostProcessorRegistrationDelegate$BeanPostProcessorChecker Bean 'org.springframework.transaction.annotation.ProxyTransactionManagementConfiguration' of type [org.springframework.transaction.annotation.ProxyTransactionManagementConfiguration] is not eligible for getting processed by all BeanPostProcessors (for example: not eligible for auto-proxying)
2020-05-26 01:23:37 INFO  ForkJoinPool.commonPool-worker-3 org.springframework.boot.web.embedded.tomcat.TomcatWebServer Tomcat initialized with port(s): 8080 (https)
2020-05-26 01:23:37 INFO  ForkJoinPool.commonPool-worker-3 org.apache.coyote.http11.Http11NioProtocol Initializing ProtocolHandler ["https-jsse-nio-8080"]
2020-05-26 01:23:37 INFO  ForkJoinPool.commonPool-worker-3 org.apache.catalina.core.StandardService Starting service [Tomcat]
2020-05-26 01:23:37 INFO  ForkJoinPool.commonPool-worker-3 org.apache.catalina.core.StandardEngine Starting Servlet engine: [Apache Tomcat/9.0.29]
2020-05-26 01:23:37 INFO  ForkJoinPool.commonPool-worker-3 org.apache.catalina.core.ContainerBase.[Tomcat].[localhost].[/] Initializing Spring embedded WebApplicationContext
2020-05-26 01:23:37 INFO  ForkJoinPool.commonPool-worker-3 org.springframework.web.context.ContextLoader Root WebApplicationContext: initialization completed in 758 ms
2020-05-26 01:23:37 INFO  ForkJoinPool.commonPool-worker-3 com.zaxxer.hikari.HikariDataSource HikariPool-1 - Starting...
2020-05-26 01:23:38 INFO  ForkJoinPool.commonPool-worker-3 com.zaxxer.hikari.HikariDataSource HikariPool-1 - Start completed.
2020-05-26 01:23:38 INFO  ForkJoinPool.commonPool-worker-3 org.hibernate.jpa.internal.util.LogHelper HHH000204: Processing PersistenceUnitInfo [name: default]
2020-05-26 01:23:38 INFO  ForkJoinPool.commonPool-worker-3 org.hibernate.Version HHH000412: Hibernate Core {5.4.9.Final}
2020-05-26 01:23:38 INFO  ForkJoinPool.commonPool-worker-3 org.hibernate.annotations.common.Version HCANN000001: Hibernate Commons Annotations {5.1.0.Final}
2020-05-26 01:23:38 INFO  ForkJoinPool.commonPool-worker-3 org.hibernate.dialect.Dialect HHH000400: Using dialect: org.hibernate.dialect.MySQL5Dialect
2020-05-26 01:23:38 INFO  ForkJoinPool.commonPool-worker-3 org.hibernate.engine.transaction.jta.platform.internal.JtaPlatformInitiator HHH000490: Using JtaPlatform implementation: [org.hibernate.engine.transaction.jta.platform.internal.NoJtaPlatform]
2020-05-26 01:23:38 INFO  ForkJoinPool.commonPool-worker-3 org.springframework.orm.jpa.LocalContainerEntityManagerFactoryBean Initialized JPA EntityManagerFactory for persistence unit 'default'
2020-05-26 01:23:38 INFO  ForkJoinPool.commonPool-worker-3 org.springframework.scheduling.concurrent.ThreadPoolTaskExecutor Initializing ExecutorService 'applicationTaskExecutor'
2020-05-26 01:23:39 INFO  ForkJoinPool.commonPool-worker-3 org.apache.coyote.http11.Http11NioProtocol Starting ProtocolHandler ["https-jsse-nio-8080"]
2020-05-26 01:23:39 INFO  ForkJoinPool.commonPool-worker-3 org.springframework.boot.web.embedded.tomcat.TomcatWebServer Tomcat started on port(s): 8080 (https) with context path ''
2020-05-26 01:23:39 INFO  ForkJoinPool.commonPool-worker-3 org.springframework.boot.SpringApplication Started application in 2.495 seconds (JVM running for 3.967)
2020-05-26 01:23:48 INFO  JavaFX Application Thread org.springframework.scheduling.concurrent.ThreadPoolTaskExecutor Shutting down ExecutorService 'applicationTaskExecutor'
2020-05-26 01:23:48 INFO  JavaFX Application Thread org.springframework.orm.jpa.LocalContainerEntityManagerFactoryBean Closing JPA EntityManagerFactory for persistence unit 'default'
2020-05-26 01:23:48 INFO  JavaFX Application Thread com.zaxxer.hikari.HikariDataSource HikariPool-1 - Shutdown initiated...
2020-05-26 01:23:48 INFO  JavaFX Application Thread com.zaxxer.hikari.HikariDataSource HikariPool-1 - Shutdown completed.
2020-05-26 01:24:13 INFO  ForkJoinPool.commonPool-worker-3 org.springframework.boot.SpringApplication Starting application on DESKTOP-1EA5E6Q with PID 3460 (started by 27848 in D:\java\compus_navigation)
2020-05-26 01:24:13 INFO  ForkJoinPool.commonPool-worker-3 org.springframework.boot.SpringApplication No active profile set, falling back to default profiles: default
2020-05-26 01:24:13 INFO  ForkJoinPool.commonPool-worker-3 org.springframework.boot.devtools.env.DevToolsPropertyDefaultsPostProcessor For additional web related logging consider setting the 'logging.level.web' property to 'DEBUG'
2020-05-26 01:24:13 INFO  ForkJoinPool.commonPool-worker-3 org.springframework.data.repository.config.RepositoryConfigurationDelegate Bootstrapping Spring Data JPA repositories in DEFAULT mode.
2020-05-26 01:24:13 INFO  ForkJoinPool.commonPool-worker-3 org.springframework.data.repository.config.RepositoryConfigurationDelegate Finished Spring Data repository scanning in 34ms. Found 2 JPA repository interfaces.
2020-05-26 01:24:13 INFO  ForkJoinPool.commonPool-worker-3 org.springframework.context.support.PostProcessorRegistrationDelegate$BeanPostProcessorChecker Bean 'org.springframework.transaction.annotation.ProxyTransactionManagementConfiguration' of type [org.springframework.transaction.annotation.ProxyTransactionManagementConfiguration] is not eligible for getting processed by all BeanPostProcessors (for example: not eligible for auto-proxying)
2020-05-26 01:24:13 INFO  ForkJoinPool.commonPool-worker-3 org.springframework.boot.web.embedded.tomcat.TomcatWebServer Tomcat initialized with port(s): 8080 (https)
2020-05-26 01:24:13 INFO  ForkJoinPool.commonPool-worker-3 org.apache.coyote.http11.Http11NioProtocol Initializing ProtocolHandler ["https-jsse-nio-8080"]
2020-05-26 01:24:13 INFO  ForkJoinPool.commonPool-worker-3 org.apache.catalina.core.StandardService Starting service [Tomcat]
2020-05-26 01:24:13 INFO  ForkJoinPool.commonPool-worker-3 org.apache.catalina.core.StandardEngine Starting Servlet engine: [Apache Tomcat/9.0.29]
2020-05-26 01:24:14 INFO  ForkJoinPool.commonPool-worker-3 org.apache.catalina.core.ContainerBase.[Tomcat].[localhost].[/] Initializing Spring embedded WebApplicationContext
2020-05-26 01:24:14 INFO  ForkJoinPool.commonPool-worker-3 org.springframework.web.context.ContextLoader Root WebApplicationContext: initialization completed in 761 ms
2020-05-26 01:24:14 INFO  ForkJoinPool.commonPool-worker-3 com.zaxxer.hikari.HikariDataSource HikariPool-1 - Starting...
2020-05-26 01:24:14 INFO  ForkJoinPool.commonPool-worker-3 com.zaxxer.hikari.HikariDataSource HikariPool-1 - Start completed.
2020-05-26 01:24:14 INFO  ForkJoinPool.commonPool-worker-3 org.hibernate.jpa.internal.util.LogHelper HHH000204: Processing PersistenceUnitInfo [name: default]
2020-05-26 01:24:14 INFO  ForkJoinPool.commonPool-worker-3 org.hibernate.Version HHH000412: Hibernate Core {5.4.9.Final}
2020-05-26 01:24:14 INFO  ForkJoinPool.commonPool-worker-3 org.hibernate.annotations.common.Version HCANN000001: Hibernate Commons Annotations {5.1.0.Final}
2020-05-26 01:24:14 INFO  ForkJoinPool.commonPool-worker-3 org.hibernate.dialect.Dialect HHH000400: Using dialect: org.hibernate.dialect.MySQL5Dialect
2020-05-26 01:24:14 INFO  ForkJoinPool.commonPool-worker-3 org.hibernate.engine.transaction.jta.platform.internal.JtaPlatformInitiator HHH000490: Using JtaPlatform implementation: [org.hibernate.engine.transaction.jta.platform.internal.NoJtaPlatform]
2020-05-26 01:24:14 INFO  ForkJoinPool.commonPool-worker-3 org.springframework.orm.jpa.LocalContainerEntityManagerFactoryBean Initialized JPA EntityManagerFactory for persistence unit 'default'
2020-05-26 01:24:15 INFO  ForkJoinPool.commonPool-worker-3 org.springframework.scheduling.concurrent.ThreadPoolTaskExecutor Initializing ExecutorService 'applicationTaskExecutor'
2020-05-26 01:24:15 INFO  ForkJoinPool.commonPool-worker-3 org.apache.coyote.http11.Http11NioProtocol Starting ProtocolHandler ["https-jsse-nio-8080"]
2020-05-26 01:24:15 INFO  ForkJoinPool.commonPool-worker-3 org.springframework.boot.web.embedded.tomcat.TomcatWebServer Tomcat started on port(s): 8080 (https) with context path ''
2020-05-26 01:24:15 INFO  ForkJoinPool.commonPool-worker-3 org.springframework.boot.SpringApplication Started application in 2.516 seconds (JVM running for 4.076)
2020-05-26 01:24:17 INFO  JavaFX Application Thread org.springframework.scheduling.concurrent.ThreadPoolTaskExecutor Shutting down ExecutorService 'applicationTaskExecutor'
2020-05-26 01:24:17 INFO  JavaFX Application Thread org.springframework.orm.jpa.LocalContainerEntityManagerFactoryBean Closing JPA EntityManagerFactory for persistence unit 'default'
2020-05-26 01:24:17 INFO  JavaFX Application Thread com.zaxxer.hikari.HikariDataSource HikariPool-1 - Shutdown initiated...
2020-05-26 01:24:17 INFO  JavaFX Application Thread com.zaxxer.hikari.HikariDataSource HikariPool-1 - Shutdown completed.
2020-05-26 01:26:32 INFO  ForkJoinPool.commonPool-worker-3 org.springframework.boot.SpringApplication Starting application on DESKTOP-1EA5E6Q with PID 17964 (started by 27848 in D:\java\compus_navigation)
2020-05-26 01:26:32 INFO  ForkJoinPool.commonPool-worker-3 org.springframework.boot.SpringApplication No active profile set, falling back to default profiles: default
2020-05-26 01:26:32 INFO  ForkJoinPool.commonPool-worker-3 org.springframework.boot.devtools.env.DevToolsPropertyDefaultsPostProcessor For additional web related logging consider setting the 'logging.level.web' property to 'DEBUG'
2020-05-26 01:26:33 INFO  ForkJoinPool.commonPool-worker-3 org.springframework.data.repository.config.RepositoryConfigurationDelegate Bootstrapping Spring Data JPA repositories in DEFAULT mode.
2020-05-26 01:26:33 INFO  ForkJoinPool.commonPool-worker-3 org.springframework.data.repository.config.RepositoryConfigurationDelegate Finished Spring Data repository scanning in 37ms. Found 2 JPA repository interfaces.
2020-05-26 01:26:33 INFO  ForkJoinPool.commonPool-worker-3 org.springframework.context.support.PostProcessorRegistrationDelegate$BeanPostProcessorChecker Bean 'org.springframework.transaction.annotation.ProxyTransactionManagementConfiguration' of type [org.springframework.transaction.annotation.ProxyTransactionManagementConfiguration] is not eligible for getting processed by all BeanPostProcessors (for example: not eligible for auto-proxying)
2020-05-26 01:26:33 INFO  ForkJoinPool.commonPool-worker-3 org.springframework.boot.web.embedded.tomcat.TomcatWebServer Tomcat initialized with port(s): 8080 (https)
2020-05-26 01:26:33 INFO  ForkJoinPool.commonPool-worker-3 org.apache.coyote.http11.Http11NioProtocol Initializing ProtocolHandler ["https-jsse-nio-8080"]
2020-05-26 01:26:33 INFO  ForkJoinPool.commonPool-worker-3 org.apache.catalina.core.StandardService Starting service [Tomcat]
2020-05-26 01:26:33 INFO  ForkJoinPool.commonPool-worker-3 org.apache.catalina.core.StandardEngine Starting Servlet engine: [Apache Tomcat/9.0.29]
2020-05-26 01:26:33 INFO  ForkJoinPool.commonPool-worker-3 org.apache.catalina.core.ContainerBase.[Tomcat].[localhost].[/] Initializing Spring embedded WebApplicationContext
2020-05-26 01:26:33 INFO  ForkJoinPool.commonPool-worker-3 org.springframework.web.context.ContextLoader Root WebApplicationContext: initialization completed in 730 ms
2020-05-26 01:26:33 INFO  ForkJoinPool.commonPool-worker-3 com.zaxxer.hikari.HikariDataSource HikariPool-1 - Starting...
2020-05-26 01:26:33 INFO  ForkJoinPool.commonPool-worker-3 com.zaxxer.hikari.HikariDataSource HikariPool-1 - Start completed.
2020-05-26 01:26:33 INFO  ForkJoinPool.commonPool-worker-3 org.hibernate.jpa.internal.util.LogHelper HHH000204: Processing PersistenceUnitInfo [name: default]
2020-05-26 01:26:34 INFO  ForkJoinPool.commonPool-worker-3 org.hibernate.Version HHH000412: Hibernate Core {5.4.9.Final}
2020-05-26 01:26:34 INFO  ForkJoinPool.commonPool-worker-3 org.hibernate.annotations.common.Version HCANN000001: Hibernate Commons Annotations {5.1.0.Final}
2020-05-26 01:26:34 INFO  ForkJoinPool.commonPool-worker-3 org.hibernate.dialect.Dialect HHH000400: Using dialect: org.hibernate.dialect.MySQL5Dialect
2020-05-26 01:26:34 INFO  ForkJoinPool.commonPool-worker-3 org.hibernate.engine.transaction.jta.platform.internal.JtaPlatformInitiator HHH000490: Using JtaPlatform implementation: [org.hibernate.engine.transaction.jta.platform.internal.NoJtaPlatform]
2020-05-26 01:26:34 INFO  ForkJoinPool.commonPool-worker-3 org.springframework.orm.jpa.LocalContainerEntityManagerFactoryBean Initialized JPA EntityManagerFactory for persistence unit 'default'
2020-05-26 01:26:34 INFO  ForkJoinPool.commonPool-worker-3 org.springframework.orm.jpa.LocalContainerEntityManagerFactoryBean Closing JPA EntityManagerFactory for persistence unit 'default'
2020-05-26 01:26:34 INFO  ForkJoinPool.commonPool-worker-3 com.zaxxer.hikari.HikariDataSource HikariPool-1 - Shutdown initiated...
2020-05-26 01:26:34 INFO  ForkJoinPool.commonPool-worker-3 com.zaxxer.hikari.HikariDataSource HikariPool-1 - Shutdown completed.
2020-05-26 01:26:34 INFO  ForkJoinPool.commonPool-worker-3 org.apache.catalina.core.StandardService Stopping service [Tomcat]
2020-05-26 01:26:34 INFO  ForkJoinPool.commonPool-worker-3 org.springframework.boot.autoconfigure.logging.ConditionEvaluationReportLoggingListener 

Error starting ApplicationContext. To display the conditions report re-run your application with 'debug' enabled.
2020-05-26 01:28:17 INFO  ForkJoinPool.commonPool-worker-3 org.springframework.boot.SpringApplication Starting application on DESKTOP-1EA5E6Q with PID 17980 (started by 27848 in D:\java\compus_navigation)
2020-05-26 01:28:17 INFO  ForkJoinPool.commonPool-worker-3 org.springframework.boot.SpringApplication No active profile set, falling back to default profiles: default
2020-05-26 01:28:17 INFO  ForkJoinPool.commonPool-worker-3 org.springframework.boot.devtools.env.DevToolsPropertyDefaultsPostProcessor For additional web related logging consider setting the 'logging.level.web' property to 'DEBUG'
2020-05-26 01:28:18 INFO  ForkJoinPool.commonPool-worker-3 org.springframework.data.repository.config.RepositoryConfigurationDelegate Bootstrapping Spring Data JPA repositories in DEFAULT mode.
2020-05-26 01:28:18 INFO  ForkJoinPool.commonPool-worker-3 org.springframework.data.repository.config.RepositoryConfigurationDelegate Finished Spring Data repository scanning in 36ms. Found 2 JPA repository interfaces.
2020-05-26 01:28:18 INFO  ForkJoinPool.commonPool-worker-3 org.springframework.context.support.PostProcessorRegistrationDelegate$BeanPostProcessorChecker Bean 'org.springframework.transaction.annotation.ProxyTransactionManagementConfiguration' of type [org.springframework.transaction.annotation.ProxyTransactionManagementConfiguration] is not eligible for getting processed by all BeanPostProcessors (for example: not eligible for auto-proxying)
2020-05-26 01:28:18 INFO  ForkJoinPool.commonPool-worker-3 org.springframework.boot.web.embedded.tomcat.TomcatWebServer Tomcat initialized with port(s): 8080 (https)
2020-05-26 01:28:18 INFO  ForkJoinPool.commonPool-worker-3 org.apache.coyote.http11.Http11NioProtocol Initializing ProtocolHandler ["https-jsse-nio-8080"]
2020-05-26 01:28:18 INFO  ForkJoinPool.commonPool-worker-3 org.apache.catalina.core.StandardService Starting service [Tomcat]
2020-05-26 01:28:18 INFO  ForkJoinPool.commonPool-worker-3 org.apache.catalina.core.StandardEngine Starting Servlet engine: [Apache Tomcat/9.0.29]
2020-05-26 01:28:18 INFO  ForkJoinPool.commonPool-worker-3 org.apache.catalina.core.ContainerBase.[Tomcat].[localhost].[/] Initializing Spring embedded WebApplicationContext
2020-05-26 01:28:18 INFO  ForkJoinPool.commonPool-worker-3 org.springframework.web.context.ContextLoader Root WebApplicationContext: initialization completed in 732 ms
2020-05-26 01:28:18 INFO  ForkJoinPool.commonPool-worker-3 com.zaxxer.hikari.HikariDataSource HikariPool-1 - Starting...
2020-05-26 01:28:18 INFO  ForkJoinPool.commonPool-worker-3 com.zaxxer.hikari.HikariDataSource HikariPool-1 - Start completed.
2020-05-26 01:28:18 INFO  ForkJoinPool.commonPool-worker-3 org.hibernate.jpa.internal.util.LogHelper HHH000204: Processing PersistenceUnitInfo [name: default]
2020-05-26 01:28:18 INFO  ForkJoinPool.commonPool-worker-3 org.hibernate.Version HHH000412: Hibernate Core {5.4.9.Final}
2020-05-26 01:28:18 INFO  ForkJoinPool.commonPool-worker-3 org.hibernate.annotations.common.Version HCANN000001: Hibernate Commons Annotations {5.1.0.Final}
2020-05-26 01:28:19 INFO  ForkJoinPool.commonPool-worker-3 org.hibernate.dialect.Dialect HHH000400: Using dialect: org.hibernate.dialect.MySQL5Dialect
2020-05-26 01:28:19 INFO  ForkJoinPool.commonPool-worker-3 org.hibernate.engine.transaction.jta.platform.internal.JtaPlatformInitiator HHH000490: Using JtaPlatform implementation: [org.hibernate.engine.transaction.jta.platform.internal.NoJtaPlatform]
2020-05-26 01:28:19 INFO  ForkJoinPool.commonPool-worker-3 org.springframework.orm.jpa.LocalContainerEntityManagerFactoryBean Initialized JPA EntityManagerFactory for persistence unit 'default'
2020-05-26 01:28:19 INFO  ForkJoinPool.commonPool-worker-3 org.springframework.scheduling.concurrent.ThreadPoolTaskExecutor Initializing ExecutorService 'applicationTaskExecutor'
2020-05-26 01:28:19 INFO  ForkJoinPool.commonPool-worker-3 org.apache.coyote.http11.Http11NioProtocol Starting ProtocolHandler ["https-jsse-nio-8080"]
2020-05-26 01:28:19 INFO  ForkJoinPool.commonPool-worker-3 org.springframework.boot.web.embedded.tomcat.TomcatWebServer Tomcat started on port(s): 8080 (https) with context path ''
2020-05-26 01:28:19 INFO  ForkJoinPool.commonPool-worker-3 org.springframework.boot.SpringApplication Started application in 2.492 seconds (JVM running for 4.029)
2020-05-26 01:30:03 INFO  JavaFX Application Thread org.springframework.scheduling.concurrent.ThreadPoolTaskExecutor Shutting down ExecutorService 'applicationTaskExecutor'
2020-05-26 01:30:03 INFO  JavaFX Application Thread org.springframework.orm.jpa.LocalContainerEntityManagerFactoryBean Closing JPA EntityManagerFactory for persistence unit 'default'
2020-05-26 01:30:03 INFO  JavaFX Application Thread com.zaxxer.hikari.HikariDataSource HikariPool-1 - Shutdown initiated...
2020-05-26 01:30:03 INFO  JavaFX Application Thread com.zaxxer.hikari.HikariDataSource HikariPool-1 - Shutdown completed.
2020-05-26 18:02:19 INFO  ForkJoinPool.commonPool-worker-3 org.springframework.boot.SpringApplication Starting application on DESKTOP-1EA5E6Q with PID 16440 (started by 27848 in D:\java\compus_navigation)
2020-05-26 18:02:19 INFO  ForkJoinPool.commonPool-worker-3 org.springframework.boot.SpringApplication No active profile set, falling back to default profiles: default
2020-05-26 18:02:19 INFO  ForkJoinPool.commonPool-worker-3 org.springframework.boot.devtools.env.DevToolsPropertyDefaultsPostProcessor For additional web related logging consider setting the 'logging.level.web' property to 'DEBUG'
2020-05-26 18:02:20 INFO  ForkJoinPool.commonPool-worker-3 org.springframework.data.repository.config.RepositoryConfigurationDelegate Bootstrapping Spring Data JPA repositories in DEFAULT mode.
2020-05-26 18:02:20 INFO  ForkJoinPool.commonPool-worker-3 org.springframework.data.repository.config.RepositoryConfigurationDelegate Finished Spring Data repository scanning in 37ms. Found 2 JPA repository interfaces.
2020-05-26 18:02:20 INFO  ForkJoinPool.commonPool-worker-3 org.springframework.context.support.PostProcessorRegistrationDelegate$BeanPostProcessorChecker Bean 'org.springframework.transaction.annotation.ProxyTransactionManagementConfiguration' of type [org.springframework.transaction.annotation.ProxyTransactionManagementConfiguration] is not eligible for getting processed by all BeanPostProcessors (for example: not eligible for auto-proxying)
2020-05-26 18:02:20 INFO  ForkJoinPool.commonPool-worker-3 org.springframework.boot.web.embedded.tomcat.TomcatWebServer Tomcat initialized with port(s): 8080 (https)
2020-05-26 18:02:20 INFO  ForkJoinPool.commonPool-worker-3 org.apache.coyote.http11.Http11NioProtocol Initializing ProtocolHandler ["https-jsse-nio-8080"]
2020-05-26 18:02:20 INFO  ForkJoinPool.commonPool-worker-3 org.apache.catalina.core.StandardService Starting service [Tomcat]
2020-05-26 18:02:20 INFO  ForkJoinPool.commonPool-worker-3 org.apache.catalina.core.StandardEngine Starting Servlet engine: [Apache Tomcat/9.0.29]
2020-05-26 18:02:20 INFO  ForkJoinPool.commonPool-worker-3 org.apache.catalina.core.ContainerBase.[Tomcat].[localhost].[/] Initializing Spring embedded WebApplicationContext
2020-05-26 18:02:20 INFO  ForkJoinPool.commonPool-worker-3 org.springframework.web.context.ContextLoader Root WebApplicationContext: initialization completed in 756 ms
2020-05-26 18:02:20 INFO  ForkJoinPool.commonPool-worker-3 com.zaxxer.hikari.HikariDataSource HikariPool-1 - Starting...
2020-05-26 18:02:20 INFO  ForkJoinPool.commonPool-worker-3 com.zaxxer.hikari.HikariDataSource HikariPool-1 - Start completed.
2020-05-26 18:02:20 INFO  ForkJoinPool.commonPool-worker-3 org.hibernate.jpa.internal.util.LogHelper HHH000204: Processing PersistenceUnitInfo [name: default]
2020-05-26 18:02:21 INFO  ForkJoinPool.commonPool-worker-3 org.hibernate.Version HHH000412: Hibernate Core {5.4.9.Final}
2020-05-26 18:02:21 INFO  ForkJoinPool.commonPool-worker-3 org.hibernate.annotations.common.Version HCANN000001: Hibernate Commons Annotations {5.1.0.Final}
2020-05-26 18:02:21 INFO  ForkJoinPool.commonPool-worker-3 org.hibernate.dialect.Dialect HHH000400: Using dialect: org.hibernate.dialect.MySQL5Dialect
2020-05-26 18:02:21 INFO  ForkJoinPool.commonPool-worker-3 org.hibernate.engine.transaction.jta.platform.internal.JtaPlatformInitiator HHH000490: Using JtaPlatform implementation: [org.hibernate.engine.transaction.jta.platform.internal.NoJtaPlatform]
2020-05-26 18:02:21 INFO  ForkJoinPool.commonPool-worker-3 org.springframework.orm.jpa.LocalContainerEntityManagerFactoryBean Initialized JPA EntityManagerFactory for persistence unit 'default'
2020-05-26 18:02:21 INFO  ForkJoinPool.commonPool-worker-3 org.springframework.scheduling.concurrent.ThreadPoolTaskExecutor Initializing ExecutorService 'applicationTaskExecutor'
2020-05-26 18:02:21 INFO  ForkJoinPool.commonPool-worker-3 org.apache.coyote.http11.Http11NioProtocol Starting ProtocolHandler ["https-jsse-nio-8080"]
2020-05-26 18:02:21 INFO  ForkJoinPool.commonPool-worker-3 org.springframework.boot.web.embedded.tomcat.TomcatWebServer Tomcat started on port(s): 8080 (https) with context path ''
2020-05-26 18:02:21 INFO  ForkJoinPool.commonPool-worker-3 org.springframework.boot.SpringApplication Started application in 2.59 seconds (JVM running for 4.236)
2020-05-26 18:02:58 INFO  https-jsse-nio-8080-exec-10 org.apache.catalina.core.ContainerBase.[Tomcat].[localhost].[/] Initializing Spring DispatcherServlet 'dispatcherServlet'
2020-05-26 18:02:58 INFO  https-jsse-nio-8080-exec-10 org.springframework.web.servlet.DispatcherServlet Initializing Servlet 'dispatcherServlet'
2020-05-26 18:02:58 INFO  https-jsse-nio-8080-exec-10 org.springframework.web.servlet.DispatcherServlet Completed initialization in 4 ms
2020-05-26 18:05:29 INFO  main com.scaudachuang.campus_navigation.CampusNavigationApplicationTests Starting CampusNavigationApplicationTests on DESKTOP-1EA5E6Q with PID 19012 (started by 27848 in D:\java\compus_navigation)
2020-05-26 18:05:29 INFO  main com.scaudachuang.campus_navigation.CampusNavigationApplicationTests No active profile set, falling back to default profiles: default
2020-05-26 18:05:29 INFO  main org.springframework.data.repository.config.RepositoryConfigurationDelegate Bootstrapping Spring Data JPA repositories in DEFAULT mode.
2020-05-26 18:05:29 INFO  main org.springframework.data.repository.config.RepositoryConfigurationDelegate Finished Spring Data repository scanning in 56ms. Found 2 JPA repository interfaces.
2020-05-26 18:05:30 INFO  main org.springframework.context.support.PostProcessorRegistrationDelegate$BeanPostProcessorChecker Bean 'org.springframework.transaction.annotation.ProxyTransactionManagementConfiguration' of type [org.springframework.transaction.annotation.ProxyTransactionManagementConfiguration] is not eligible for getting processed by all BeanPostProcessors (for example: not eligible for auto-proxying)
2020-05-26 18:05:30 INFO  main com.zaxxer.hikari.HikariDataSource HikariPool-1 - Starting...
2020-05-26 18:05:30 INFO  main com.zaxxer.hikari.HikariDataSource HikariPool-1 - Start completed.
2020-05-26 18:05:30 INFO  main org.hibernate.jpa.internal.util.LogHelper HHH000204: Processing PersistenceUnitInfo [name: default]
2020-05-26 18:05:30 INFO  main org.hibernate.Version HHH000412: Hibernate Core {5.4.9.Final}
2020-05-26 18:05:30 INFO  main org.hibernate.annotations.common.Version HCANN000001: Hibernate Commons Annotations {5.1.0.Final}
2020-05-26 18:05:31 INFO  main org.hibernate.dialect.Dialect HHH000400: Using dialect: org.hibernate.dialect.MySQL5Dialect
2020-05-26 18:05:32 INFO  main org.hibernate.engine.transaction.jta.platform.internal.JtaPlatformInitiator HHH000490: Using JtaPlatform implementation: [org.hibernate.engine.transaction.jta.platform.internal.NoJtaPlatform]
2020-05-26 18:05:32 INFO  main org.springframework.orm.jpa.LocalContainerEntityManagerFactoryBean Initialized JPA EntityManagerFactory for persistence unit 'default'
2020-05-26 18:05:33 INFO  main org.springframework.scheduling.concurrent.ThreadPoolTaskExecutor Initializing ExecutorService 'applicationTaskExecutor'
2020-05-26 18:05:33 INFO  main com.scaudachuang.campus_navigation.CampusNavigationApplicationTests Started CampusNavigationApplicationTests in 4.889 seconds (JVM running for 5.642)
2020-05-26 18:05:33 INFO  SpringContextShutdownHook org.springframework.scheduling.concurrent.ThreadPoolTaskExecutor Shutting down ExecutorService 'applicationTaskExecutor'
2020-05-26 18:05:33 INFO  SpringContextShutdownHook org.springframework.orm.jpa.LocalContainerEntityManagerFactoryBean Closing JPA EntityManagerFactory for persistence unit 'default'
2020-05-26 18:05:33 INFO  SpringContextShutdownHook com.zaxxer.hikari.HikariDataSource HikariPool-1 - Shutdown initiated...
2020-05-26 18:05:33 INFO  SpringContextShutdownHook com.zaxxer.hikari.HikariDataSource HikariPool-1 - Shutdown completed.
