2020-05-26 01:26:34 ERROR ForkJoinPool.commonPool-worker-3 org.springframework.boot.SpringApplication Application run failed
org.springframework.beans.factory.BeanCreationException: Error creating bean with name 'campusNavigationApplication': Injection of resource dependencies failed; nested exception is org.springframework.beans.factory.BeanCreationException: Error creating bean with name 'loginController' defined in file [D:\java\compus_navigation\target\classes\com\scaudachuang\campus_navigation\controller\LoginController.class]: Instantiation of bean failed; nested exception is org.springframework.beans.BeanInstantiationException: Failed to instantiate [com.scaudachuang.campus_navigation.controller.LoginController]: Constructor threw exception; nested exception is java.lang.IllegalAccessError: superclass access check failed: class com.sun.javafx.scene.control.ControlHelper (in unnamed module @0x5ba9c1b7) cannot access class com.sun.javafx.scene.layout.RegionHelper (in module javafx.graphics) because module javafx.graphics does not export com.sun.javafx.scene.layout to unnamed module @0x5ba9c1b7
	at org.springframework.context.annotation.CommonAnnotationBeanPostProcessor.postProcessProperties(CommonAnnotationBeanPostProcessor.java:337)
	at org.springframework.beans.factory.support.AbstractAutowireCapableBeanFactory.populateBean(AbstractAutowireCapableBeanFactory.java:1422)
	at org.springframework.beans.factory.support.AbstractAutowireCapableBeanFactory.doCreateBean(AbstractAutowireCapableBeanFactory.java:594)
	at org.springframework.beans.factory.support.AbstractAutowireCapableBeanFactory.createBean(AbstractAutowireCapableBeanFactory.java:517)
	at org.springframework.beans.factory.support.AbstractBeanFactory.lambda$doGetBean$0(AbstractBeanFactory.java:323)
	at org.springframework.beans.factory.support.DefaultSingletonBeanRegistry.getSingleton(DefaultSingletonBeanRegistry.java:222)
	at org.springframework.beans.factory.support.AbstractBeanFactory.doGetBean(AbstractBeanFactory.java:321)
	at org.springframework.beans.factory.support.AbstractBeanFactory.getBean(AbstractBeanFactory.java:202)
	at org.springframework.beans.factory.support.DefaultListableBeanFactory.preInstantiateSingletons(DefaultListableBeanFactory.java:879)
	at org.springframework.context.support.AbstractApplicationContext.finishBeanFactoryInitialization(AbstractApplicationContext.java:878)
	at org.springframework.context.support.AbstractApplicationContext.refresh(AbstractApplicationContext.java:550)
	at org.springframework.boot.web.servlet.context.ServletWebServerApplicationContext.refresh(ServletWebServerApplicationContext.java:141)
	at org.springframework.boot.SpringApplication.refresh(SpringApplication.java:747)
	at org.springframework.boot.SpringApplication.refreshContext(SpringApplication.java:397)
	at org.springframework.boot.SpringApplication.run(SpringApplication.java:315)
	at org.springframework.boot.SpringApplication.run(SpringApplication.java:1226)
	at org.springframework.boot.SpringApplication.run(SpringApplication.java:1215)
	at de.felixroske.jfxsupport.AbstractJavaFxApplicationSupport.lambda$init$1(AbstractJavaFxApplicationSupport.java:124)
	at java.base/java.util.concurrent.CompletableFuture$AsyncSupply.run(CompletableFuture.java:1771)
	at java.base/java.util.concurrent.CompletableFuture$AsyncSupply.exec(CompletableFuture.java:1763)
	at java.base/java.util.concurrent.ForkJoinTask.doExec(ForkJoinTask.java:290)
	at java.base/java.util.concurrent.ForkJoinPool$WorkQueue.topLevelExec(ForkJoinPool.java:1020)
	at java.base/java.util.concurrent.ForkJoinPool.scan(ForkJoinPool.java:1656)
	at java.base/java.util.concurrent.ForkJoinPool.runWorker(ForkJoinPool.java:1594)
	at java.base/java.util.concurrent.ForkJoinWorkerThread.run(ForkJoinWorkerThread.java:177)
Caused by: org.springframework.beans.factory.BeanCreationException: Error creating bean with name 'loginController' defined in file [D:\java\compus_navigation\target\classes\com\scaudachuang\campus_navigation\controller\LoginController.class]: Instantiation of bean failed; nested exception is org.springframework.beans.BeanInstantiationException: Failed to instantiate [com.scaudachuang.campus_navigation.controller.LoginController]: Constructor threw exception; nested exception is java.lang.IllegalAccessError: superclass access check failed: class com.sun.javafx.scene.control.ControlHelper (in unnamed module @0x5ba9c1b7) cannot access class com.sun.javafx.scene.layout.RegionHelper (in module javafx.graphics) because module javafx.graphics does not export com.sun.javafx.scene.layout to unnamed module @0x5ba9c1b7
	at org.springframework.beans.factory.support.AbstractAutowireCapableBeanFactory.instantiateBean(AbstractAutowireCapableBeanFactory.java:1320)
	at org.springframework.beans.factory.support.AbstractAutowireCapableBeanFactory.createBeanInstance(AbstractAutowireCapableBeanFactory.java:1214)
	at org.springframework.beans.factory.support.AbstractAutowireCapableBeanFactory.doCreateBean(AbstractAutowireCapableBeanFactory.java:557)
	at org.springframework.beans.factory.support.AbstractAutowireCapableBeanFactory.createBean(AbstractAutowireCapableBeanFactory.java:517)
	at org.springframework.beans.factory.support.AbstractBeanFactory.lambda$doGetBean$0(AbstractBeanFactory.java:323)
	at org.springframework.beans.factory.support.DefaultSingletonBeanRegistry.getSingleton(DefaultSingletonBeanRegistry.java:222)
	at org.springframework.beans.factory.support.AbstractBeanFactory.doGetBean(AbstractBeanFactory.java:321)
	at org.springframework.beans.factory.support.AbstractBeanFactory.getBean(AbstractBeanFactory.java:207)
	at org.springframework.beans.factory.support.AbstractAutowireCapableBeanFactory.resolveBeanByName(AbstractAutowireCapableBeanFactory.java:454)
	at org.springframework.context.annotation.CommonAnnotationBeanPostProcessor.autowireResource(CommonAnnotationBeanPostProcessor.java:543)
	at org.springframework.context.annotation.CommonAnnotationBeanPostProcessor.getResource(CommonAnnotationBeanPostProcessor.java:513)
	at org.springframework.context.annotation.CommonAnnotationBeanPostProcessor$ResourceElement.getResourceToInject(CommonAnnotationBeanPostProcessor.java:653)
	at org.springframework.beans.factory.annotation.InjectionMetadata$InjectedElement.inject(InjectionMetadata.java:224)
	at org.springframework.beans.factory.annotation.InjectionMetadata.inject(InjectionMetadata.java:116)
	at org.springframework.context.annotation.CommonAnnotationBeanPostProcessor.postProcessProperties(CommonAnnotationBeanPostProcessor.java:334)
	... 24 common frames omitted
Caused by: org.springframework.beans.BeanInstantiationException: Failed to instantiate [com.scaudachuang.campus_navigation.controller.LoginController]: Constructor threw exception; nested exception is java.lang.IllegalAccessError: superclass access check failed: class com.sun.javafx.scene.control.ControlHelper (in unnamed module @0x5ba9c1b7) cannot access class com.sun.javafx.scene.layout.RegionHelper (in module javafx.graphics) because module javafx.graphics does not export com.sun.javafx.scene.layout to unnamed module @0x5ba9c1b7
	at org.springframework.beans.BeanUtils.instantiateClass(BeanUtils.java:213)
	at org.springframework.beans.factory.support.SimpleInstantiationStrategy.instantiate(SimpleInstantiationStrategy.java:87)
	at org.springframework.beans.factory.support.AbstractAutowireCapableBeanFactory.instantiateBean(AbstractAutowireCapableBeanFactory.java:1312)
	... 38 common frames omitted
Caused by: java.lang.IllegalAccessError: superclass access check failed: class com.sun.javafx.scene.control.ControlHelper (in unnamed module @0x5ba9c1b7) cannot access class com.sun.javafx.scene.layout.RegionHelper (in module javafx.graphics) because module javafx.graphics does not export com.sun.javafx.scene.layout to unnamed module @0x5ba9c1b7
	at java.base/java.lang.ClassLoader.defineClass1(Native Method)
	at java.base/java.lang.ClassLoader.defineClass(ClassLoader.java:1016)
	at java.base/java.security.SecureClassLoader.defineClass(SecureClassLoader.java:151)
	at java.base/jdk.internal.loader.BuiltinClassLoader.defineClass(BuiltinClassLoader.java:802)
	at java.base/jdk.internal.loader.BuiltinClassLoader.findClassOnClassPathOrNull(BuiltinClassLoader.java:700)
	at java.base/jdk.internal.loader.BuiltinClassLoader.loadClassOrNull(BuiltinClassLoader.java:623)
	at java.base/jdk.internal.loader.BuiltinClassLoader.loadClass(BuiltinClassLoader.java:581)
	at java.base/jdk.internal.loader.ClassLoaders$AppClassLoader.loadClass(ClassLoaders.java:178)
	at java.base/java.lang.ClassLoader.loadClass(ClassLoader.java:521)
	at javafx.scene.control.Control.<clinit>(Control.java:86)
	at com.scaudachuang.campus_navigation.controller.LoginController.<init>(LoginController.java:33)
	at java.base/jdk.internal.reflect.NativeConstructorAccessorImpl.newInstance0(Native Method)
	at java.base/jdk.internal.reflect.NativeConstructorAccessorImpl.newInstance(NativeConstructorAccessorImpl.java:62)
	at java.base/jdk.internal.reflect.DelegatingConstructorAccessorImpl.newInstance(DelegatingConstructorAccessorImpl.java:45)
	at java.base/java.lang.reflect.Constructor.newInstanceWithCaller(Constructor.java:500)
	at java.base/java.lang.reflect.Constructor.newInstance(Constructor.java:481)
	at org.springframework.beans.BeanUtils.instantiateClass(BeanUtils.java:200)
	... 40 common frames omitted
2020-05-26 01:26:34 ERROR ForkJoinPool.commonPool-worker-3 de.felixroske.jfxsupport.AbstractJavaFxApplicationSupport Failed to load spring application context: 
java.util.concurrent.CompletionException: org.springframework.beans.factory.BeanCreationException: Error creating bean with name 'campusNavigationApplication': Injection of resource dependencies failed; nested exception is org.springframework.beans.factory.BeanCreationException: Error creating bean with name 'loginController' defined in file [D:\java\compus_navigation\target\classes\com\scaudachuang\campus_navigation\controller\LoginController.class]: Instantiation of bean failed; nested exception is org.springframework.beans.BeanInstantiationException: Failed to instantiate [com.scaudachuang.campus_navigation.controller.LoginController]: Constructor threw exception; nested exception is java.lang.IllegalAccessError: superclass access check failed: class com.sun.javafx.scene.control.ControlHelper (in unnamed module @0x5ba9c1b7) cannot access class com.sun.javafx.scene.layout.RegionHelper (in module javafx.graphics) because module javafx.graphics does not export com.sun.javafx.scene.layout to unnamed module @0x5ba9c1b7
	at java.base/java.util.concurrent.CompletableFuture.encodeThrowable(CompletableFuture.java:314)
	at java.base/java.util.concurrent.CompletableFuture.completeThrowable(CompletableFuture.java:319)
	at java.base/java.util.concurrent.CompletableFuture$AsyncSupply.run(CompletableFuture.java:1773)
	at java.base/java.util.concurrent.CompletableFuture$AsyncSupply.exec(CompletableFuture.java:1763)
	at java.base/java.util.concurrent.ForkJoinTask.doExec(ForkJoinTask.java:290)
	at java.base/java.util.concurrent.ForkJoinPool$WorkQueue.topLevelExec(ForkJoinPool.java:1020)
	at java.base/java.util.concurrent.ForkJoinPool.scan(ForkJoinPool.java:1656)
	at java.base/java.util.concurrent.ForkJoinPool.runWorker(ForkJoinPool.java:1594)
	at java.base/java.util.concurrent.ForkJoinWorkerThread.run(ForkJoinWorkerThread.java:177)
Caused by: org.springframework.beans.factory.BeanCreationException: Error creating bean with name 'campusNavigationApplication': Injection of resource dependencies failed; nested exception is org.springframework.beans.factory.BeanCreationException: Error creating bean with name 'loginController' defined in file [D:\java\compus_navigation\target\classes\com\scaudachuang\campus_navigation\controller\LoginController.class]: Instantiation of bean failed; nested exception is org.springframework.beans.BeanInstantiationException: Failed to instantiate [com.scaudachuang.campus_navigation.controller.LoginController]: Constructor threw exception; nested exception is java.lang.IllegalAccessError: superclass access check failed: class com.sun.javafx.scene.control.ControlHelper (in unnamed module @0x5ba9c1b7) cannot access class com.sun.javafx.scene.layout.RegionHelper (in module javafx.graphics) because module javafx.graphics does not export com.sun.javafx.scene.layout to unnamed module @0x5ba9c1b7
	at org.springframework.context.annotation.CommonAnnotationBeanPostProcessor.postProcessProperties(CommonAnnotationBeanPostProcessor.java:337)
	at org.springframework.beans.factory.support.AbstractAutowireCapableBeanFactory.populateBean(AbstractAutowireCapableBeanFactory.java:1422)
	at org.springframework.beans.factory.support.AbstractAutowireCapableBeanFactory.doCreateBean(AbstractAutowireCapableBeanFactory.java:594)
	at org.springframework.beans.factory.support.AbstractAutowireCapableBeanFactory.createBean(AbstractAutowireCapableBeanFactory.java:517)
	at org.springframework.beans.factory.support.AbstractBeanFactory.lambda$doGetBean$0(AbstractBeanFactory.java:323)
	at org.springframework.beans.factory.support.DefaultSingletonBeanRegistry.getSingleton(DefaultSingletonBeanRegistry.java:222)
	at org.springframework.beans.factory.support.AbstractBeanFactory.doGetBean(AbstractBeanFactory.java:321)
	at org.springframework.beans.factory.support.AbstractBeanFactory.getBean(AbstractBeanFactory.java:202)
	at org.springframework.beans.factory.support.DefaultListableBeanFactory.preInstantiateSingletons(DefaultListableBeanFactory.java:879)
	at org.springframework.context.support.AbstractApplicationContext.finishBeanFactoryInitialization(AbstractApplicationContext.java:878)
	at org.springframework.context.support.AbstractApplicationContext.refresh(AbstractApplicationContext.java:550)
	at org.springframework.boot.web.servlet.context.ServletWebServerApplicationContext.refresh(ServletWebServerApplicationContext.java:141)
	at org.springframework.boot.SpringApplication.refresh(SpringApplication.java:747)
	at org.springframework.boot.SpringApplication.refreshContext(SpringApplication.java:397)
	at org.springframework.boot.SpringApplication.run(SpringApplication.java:315)
	at org.springframework.boot.SpringApplication.run(SpringApplication.java:1226)
	at org.springframework.boot.SpringApplication.run(SpringApplication.java:1215)
	at de.felixroske.jfxsupport.AbstractJavaFxApplicationSupport.lambda$init$1(AbstractJavaFxApplicationSupport.java:124)
	at java.base/java.util.concurrent.CompletableFuture$AsyncSupply.run(CompletableFuture.java:1771)
	... 6 common frames omitted
Caused by: org.springframework.beans.factory.BeanCreationException: Error creating bean with name 'loginController' defined in file [D:\java\compus_navigation\target\classes\com\scaudachuang\campus_navigation\controller\LoginController.class]: Instantiation of bean failed; nested exception is org.springframework.beans.BeanInstantiationException: Failed to instantiate [com.scaudachuang.campus_navigation.controller.LoginController]: Constructor threw exception; nested exception is java.lang.IllegalAccessError: superclass access check failed: class com.sun.javafx.scene.control.ControlHelper (in unnamed module @0x5ba9c1b7) cannot access class com.sun.javafx.scene.layout.RegionHelper (in module javafx.graphics) because module javafx.graphics does not export com.sun.javafx.scene.layout to unnamed module @0x5ba9c1b7
	at org.springframework.beans.factory.support.AbstractAutowireCapableBeanFactory.instantiateBean(AbstractAutowireCapableBeanFactory.java:1320)
	at org.springframework.beans.factory.support.AbstractAutowireCapableBeanFactory.createBeanInstance(AbstractAutowireCapableBeanFactory.java:1214)
	at org.springframework.beans.factory.support.AbstractAutowireCapableBeanFactory.doCreateBean(AbstractAutowireCapableBeanFactory.java:557)
	at org.springframework.beans.factory.support.AbstractAutowireCapableBeanFactory.createBean(AbstractAutowireCapableBeanFactory.java:517)
	at org.springframework.beans.factory.support.AbstractBeanFactory.lambda$doGetBean$0(AbstractBeanFactory.java:323)
	at org.springframework.beans.factory.support.DefaultSingletonBeanRegistry.getSingleton(DefaultSingletonBeanRegistry.java:222)
	at org.springframework.beans.factory.support.AbstractBeanFactory.doGetBean(AbstractBeanFactory.java:321)
	at org.springframework.beans.factory.support.AbstractBeanFactory.getBean(AbstractBeanFactory.java:207)
	at org.springframework.beans.factory.support.AbstractAutowireCapableBeanFactory.resolveBeanByName(AbstractAutowireCapableBeanFactory.java:454)
	at org.springframework.context.annotation.CommonAnnotationBeanPostProcessor.autowireResource(CommonAnnotationBeanPostProcessor.java:543)
	at org.springframework.context.annotation.CommonAnnotationBeanPostProcessor.getResource(CommonAnnotationBeanPostProcessor.java:513)
	at org.springframework.context.annotation.CommonAnnotationBeanPostProcessor$ResourceElement.getResourceToInject(CommonAnnotationBeanPostProcessor.java:653)
	at org.springframework.beans.factory.annotation.InjectionMetadata$InjectedElement.inject(InjectionMetadata.java:224)
	at org.springframework.beans.factory.annotation.InjectionMetadata.inject(InjectionMetadata.java:116)
	at org.springframework.context.annotation.CommonAnnotationBeanPostProcessor.postProcessProperties(CommonAnnotationBeanPostProcessor.java:334)
	... 24 common frames omitted
Caused by: org.springframework.beans.BeanInstantiationException: Failed to instantiate [com.scaudachuang.campus_navigation.controller.LoginController]: Constructor threw exception; nested exception is java.lang.IllegalAccessError: superclass access check failed: class com.sun.javafx.scene.control.ControlHelper (in unnamed module @0x5ba9c1b7) cannot access class com.sun.javafx.scene.layout.RegionHelper (in module javafx.graphics) because module javafx.graphics does not export com.sun.javafx.scene.layout to unnamed module @0x5ba9c1b7
	at org.springframework.beans.BeanUtils.instantiateClass(BeanUtils.java:213)
	at org.springframework.beans.factory.support.SimpleInstantiationStrategy.instantiate(SimpleInstantiationStrategy.java:87)
	at org.springframework.beans.factory.support.AbstractAutowireCapableBeanFactory.instantiateBean(AbstractAutowireCapableBeanFactory.java:1312)
	... 38 common frames omitted
Caused by: java.lang.IllegalAccessError: superclass access check failed: class com.sun.javafx.scene.control.ControlHelper (in unnamed module @0x5ba9c1b7) cannot access class com.sun.javafx.scene.layout.RegionHelper (in module javafx.graphics) because module javafx.graphics does not export com.sun.javafx.scene.layout to unnamed module @0x5ba9c1b7
	at java.base/java.lang.ClassLoader.defineClass1(Native Method)
	at java.base/java.lang.ClassLoader.defineClass(ClassLoader.java:1016)
	at java.base/java.security.SecureClassLoader.defineClass(SecureClassLoader.java:151)
	at java.base/jdk.internal.loader.BuiltinClassLoader.defineClass(BuiltinClassLoader.java:802)
	at java.base/jdk.internal.loader.BuiltinClassLoader.findClassOnClassPathOrNull(BuiltinClassLoader.java:700)
	at java.base/jdk.internal.loader.BuiltinClassLoader.loadClassOrNull(BuiltinClassLoader.java:623)
	at java.base/jdk.internal.loader.BuiltinClassLoader.loadClass(BuiltinClassLoader.java:581)
	at java.base/jdk.internal.loader.ClassLoaders$AppClassLoader.loadClass(ClassLoaders.java:178)
	at java.base/java.lang.ClassLoader.loadClass(ClassLoader.java:521)
	at javafx.scene.control.Control.<clinit>(Control.java:86)
	at com.scaudachuang.campus_navigation.controller.LoginController.<init>(LoginController.java:33)
	at java.base/jdk.internal.reflect.NativeConstructorAccessorImpl.newInstance0(Native Method)
	at java.base/jdk.internal.reflect.NativeConstructorAccessorImpl.newInstance(NativeConstructorAccessorImpl.java:62)
	at java.base/jdk.internal.reflect.DelegatingConstructorAccessorImpl.newInstance(DelegatingConstructorAccessorImpl.java:45)
	at java.base/java.lang.reflect.Constructor.newInstanceWithCaller(Constructor.java:500)
	at java.base/java.lang.reflect.Constructor.newInstance(Constructor.java:481)
	at org.springframework.beans.BeanUtils.instantiateClass(BeanUtils.java:200)
	... 40 common frames omitted
